### ISSUE TITLE
coredumplist

### ISSUE THREAD

**Issue by wineee** [linuxdeepin/treeland#358]

**Comment by wineee** [comment]
35. 崩溃恢复后关窗口
```
#0  __pthread_kill_implementation (threadid=<optimized out>, signo=signo@entry=6, no_tid=no_tid@entry=0) at ./nptl/pthread_kill.c:44
#1  0x00007f53fcd1515f in __pthread_kill_internal (signo=6, threadid=<optimized out>) at ./nptl/pthread_kill.c:78
#2  0x00007f53fccc7102 in __GI_raise (sig=sig@entry=6) at ../sysdeps/posix/raise.c:26
#3  0x00007f53fccb04f2 in __GI_abort () at ./stdlib/abort.c:79
#4  0x00007f53fb8634c5 in ??? () at /lib/x86_64-linux-gnu/libdtk6log.so.0
#5  0x00007f53fb865657 in Dtk::Core::Logger::write(QDateTime const&, Dtk::Core::Logger::LogLevel, char const*, int, char const*, char const*, QString const&) () at /lib/x86_64-linux-gnu/libdtk6log.so.0
#6  0x00007f53fb8656cd in Dtk::Core::Logger::write(Dtk::Core::Logger::LogLevel, char const*, int, char const*, char const*, QString const&) () at /lib/x86_64-linux-gnu/libdtk6log.so.0
#7  0x00007f53fb8657dc in ??? () at /lib/x86_64-linux-gnu/libdtk6log.so.0
#8  0x00007f53fd998f7b in qt_message_print (msgType=QtFatalMsg, context=..., message=...) at ./src/corelib/global/qlogging.cpp:2082
#9  0x00007f53fd991eab in qt_message(QtMsgType, const QMessageLogContext &, const char *, typedef __va_list_tag __va_list_tag *)
    (msgType=msgType@entry=QtFatalMsg, context=..., msg=msg@entry=0x7f53fdc5d748 "ASSERT: \"%s\" in file %s, line %d", ap=ap@entry=0x7fffb0e37fe8) at ./src/corelib/global/qlogging.cpp:379
#10 0x00007f53fd956415 in QMessageLogger::fatal (this=this@entry=0x7fffb0e38228, msg=msg@entry=0x7f53fdc5d748 "ASSERT: \"%s\" in file %s, line %d") at ./src/corelib/global/qlogging.cpp:884
#11 0x00007f53fd95648f in qt_assert (assertion=<optimized out>, file=<optimized out>, line=<optimized out>) at ./src/corelib/global/qassert.cpp:105
#12 0x00007f53fe38d144 in Waylib::Server::WObject::waylandClient (this=0x563329719060) at /home/rewine/deepin/treeland/waylib/src/server/kernel/wglobal.cpp:21
#13 0x00007f53fedc342e in SurfaceWrapper::SurfaceWrapper (this=0x56332a6ff0b0, qmlEngine=0x5633281ff3b0, shellSurface=0x563329719050, type=SurfaceWrapper::Type::XdgToplevel, parent=0x0, isProxy=false)
    at /home/rewine/deepin/treeland/src/surface/surfacewrapper.cpp:147
#14 0x00007f53fed28b06 in ShellHandler::onXdgToplevelSurfaceAdded (this=0x563327809610, surface=0x563329719050) at /home/rewine/deepin/treeland/src/core/shellhandler.cpp:149
#15 0x00007f53fed328b9 in QtPrivate::FunctorCall<QtPrivate::IndexesList<0>, QtPrivate::List<Waylib::Server::WXdgToplevelSurface*>, void, void (ShellHandler::*)(Waylib::Server::WXdgToplevelSurface*)>::call(void (ShellHandler::*)(Waylib::Server::WXdgToplevelSurface*), ShellHandler*, void**)::{lambda()#1}::operator()() const (__closure=0x7fffb0e386f0) at /usr/include/x86_64-linux-gnu/qt6/QtCore/qobjectdefs_impl.h:152
#16 0x00007f53fed334c2 in QtPrivate::FunctorCallBase::call_internal<void, QtPrivate::FunctorCall<QtPrivate::IndexesList<0>, QtPrivate::List<Waylib::Server::WXdgToplevelSurface*>, void, void (ShellHandler::*)(Waylib::Server::WXdgToplevelSurface*)>::call(void (ShellHandler::*)(Waylib::Server::WXdgToplevelSurface*), ShellHandler*, void**)::{lambda()#1}>(void**, QtPrivate::FunctorCall<QtPrivate::IndexesList<0>, QtPrivate::List<Waylib::Server::WXdgToplevelSurface*>, void, void (ShellHandler::*)(Waylib::Server::WXdgToplevelSurface*)>::call(void (ShellHandler::*)(Waylib::Server::WXdgToplevelSurface*), ShellHandler*, void**)::{lambda()#1}&&) (args=0x7fffb0e388a0, fn=...)
    at /usr/include/x86_64-linux-gnu/qt6/QtCore/qobjectdefs_impl.h:65
#17 0x00007f53fed3291a in QtPrivate::FunctorCall<QtPrivate::IndexesList<0>, QtPrivate::List<Waylib::Server::WXdgToplevelSurface*>, void, void (ShellHandler::*)(Waylib::Server::WXdgToplevelSurface*)>::call
    (f=(void (ShellHandler::*)(class ShellHandler * const, class Waylib::Server::WXdgToplevelSurface *)) 0x7f53fed28aac <ShellHandler::onXdgToplevelSurfaceAdded(Waylib::Server::WXdgToplevelSurface*)>, o=0x563327809610, arg=0x7fffb0e388a0) at /usr/include/x86_64-linux-gnu/qt6/QtCore/qobjectdefs_impl.h:151
#18 0x00007f53fed31aee in QtPrivate::FunctionPointer<void (ShellHandler::*)(Waylib::Server::WXdgToplevelSurface*)>::call<QtPrivate::List<Waylib::Server::WXdgToplevelSurface*>, void>
    (f=(void (ShellHandler::*)(class ShellHandler * const, class Waylib::Server::WXdgToplevelSurface *)) 0x7f53fed28aac <ShellHandler::onXdgToplevelSurfaceAdded(Waylib::Server::WXdgToplevelSurface*)>, o=0x563327809610, arg=0x7fffb0e388a0) at /usr/include/x86_64-linux-gnu/qt6/QtCore/qobjectdefs_impl.h:199
#19 0x00007f53fed30be9 in QtPrivate::QCallableObject<void (ShellHandler::*)(Waylib::Server::WXdgToplevelSurface*), QtPrivate::List<Waylib::Server::WXdgToplevelSurface*>, void>::impl
    (which=1, this_=0x563327818dd0, r=0x563327809610, a=0x7fffb0e388a0, ret=0x0) at /usr/include/x86_64-linux-gnu/qt6/QtCore/qobjectdefs_impl.h:570
#20 0x00007f53fda3fa1c in QtPrivate::QSlotObjectBase::call (a=0x7fffb0e388a0, r=0x563327809610, this=0x563327818dd0, this=<optimized out>, r=<optimized out>, a=<optimized out>) at ./src/corelib/kernel/qobjectdefs_impl.h:486
#21 doActivate<false> (sender=0x56332832ab10, signal_index=3, argv=0x7fffb0e388a0) at ./src/corelib/kernel/qobject.cpp:4120
#22 0x00007f53fe31c99b in Waylib::Server::WXdgShell::toplevelSurfaceAdded (this=0x56332832ab10, _t1=0x563329719050) at /home/rewine/deepin/treeland/build/waylib/src/server/waylibserver_autogen/QEXRLBDUJQ/moc_wxdgshell.cpp:189
#23 0x00007f53fe478f1c in Waylib::Server::WXdgShellPrivate::onNewXdgToplevelSurface (this=0x5633278a95f0, toplevel=0x5633298194c0) at /home/rewine/deepin/treeland/waylib/src/server/protocols/wxdgshell.cpp:54
#24 0x00007f53fe4794ea in operator() (__closure=0x5633282fd340, toplevel_surface=0x56332a7611e0) at /home/rewine/deepin/treeland/waylib/src/server/protocols/wxdgshell.cpp:123
#25 0x00007f53fe47a237 in operator() (__closure=0x7fffb0e38a00) at /usr/include/x86_64-linux-gnu/qt6/QtCore/qobjectdefs_impl.h:141
#26 0x00007f53fe47a33c in QtPrivate::FunctorCallBase::call_internal<void, QtPrivate::FunctorCall<QtPrivate::IndexesList<0>, QtPrivate::List<wlr_xdg_toplevel*>, void, Waylib::Server::WXdgShell::create(Waylib::Server::WServer*)::<lambda(wlr_xdg_toplevel*)> >::call(Waylib::Server::WXdgShell::create(Waylib::Server::WServer*)::<lambda(wlr_xdg_toplevel*)>&, void**)::<lambda()> >(void **, struct {...} &&) (args=0x7fffb0e38b90, fn=...)
    at /usr/include/x86_64-linux-gnu/qt6/QtCore/qobjectdefs_impl.h:65
#27 0x00007f53fe47a26d in QtPrivate::FunctorCall<QtPrivate::IndexesList<0>, QtPrivate::List<wlr_xdg_toplevel*>, void, Waylib::Server::WXdgShell::create(Waylib::Server::WServer*)::<lambda(wlr_xdg_toplevel*)> >::call(struct {...} &, void **) (f=..., arg=0x7fffb0e38b90) at /usr/include/x86_64-linux-gnu/qt6/QtCore/qobjectdefs_impl.h:140
#28 0x00007f53fe47a191 in QtPrivate::FunctorCallable<Waylib::Server::WXdgShell::create(Waylib::Server::WServer*)::<lambda(wlr_xdg_toplevel*)>, wlr_xdg_toplevel*>::call<QtPrivate::List<wlr_xdg_toplevel*>, void>(struct {...} &, void *, void **) (f=..., arg=0x7fffb0e38b90) at /usr/include/x86_64-linux-gnu/qt6/QtCore/qobjectdefs_impl.h:362
#29 0x00007f53fe47a00c in QtPrivate::QCallableObject<Waylib::Server::WXdgShell::create(Waylib::Server::WServer*)::<lambda(wlr_xdg_toplevel*)>, QtPrivate::List<wlr_xdg_toplevel*>, void>::impl(int, QtPrivate::QSlotObjectBase *, QObject *, void **, bool *) (which=1, this_=0x5633282fd330, r=0x56332832ab10, a=0x7fffb0e38b90, ret=0x0) at /usr/include/x86_64-linux-gnu/qt6/QtCore/qobjectdefs_impl.h:572
#30 0x00007f53fda3fa1c in QtPrivate::QSlotObjectBase::call (a=0x7fffb0e38b90, r=0x56332832ab10, this=0x5633282fd330, this=<optimized out>, r=<optimized out>, a=<optimized out>) at ./src/corelib/kernel/qobjectdefs_impl.h:486
#31 doActivate<false> (sender=0x563328397880, signal_index=5, argv=0x7fffb0e38b90) at ./src/corelib/kernel/qobject.cpp:4120
#32 0x00007f53fe4f9dd1 in qw_xdg_shell::notify_new_toplevel (this=0x563328397880, _t1=0x56332a7611e0) at /home/rewine/deepin/treeland/build/waylib/qwlroots/src/qwlroots_autogen/GZRP3O7STM/moc_qwxdgshell.cpp:178
#33 0x00007f53fed1de43 in qw_signal_connector::callSlot1 (wl_listener=0x5633282e9b48, data=0x56332a7611e0) at /home/rewine/deepin/treeland/qwlroots/src/util/qwsignalconnector.h:149
#34 0x00007f53fba07afc in wl_signal_emit_mutable (signal=<optimized out>, data=0x56332a7611e0) at ../src/wayland-server.c:2314
#35 0x00007f53fa5c401a in ??? () at /lib/x86_64-linux-gnu/libffi.so.8
#36 0x00007f53fa5c34be in ??? () at /lib/x86_64-linux-gnu/libffi.so.8
#37 0x00007f53fa5c3bad in ffi_call () at /lib/x86_64-linux-gnu/libffi.so.8
#38 0x00007f53fba0bf46 in wl_closure_invoke (closure=closure@entry=0x56332a94ae40, flags=flags@entry=2, target=<optimized out>, target@entry=0x563329a87b90, opcode=opcode@entry=1, data=<optimized out>, data@entry=0x563329f9dbd0)
    at ../src/connection.c:1228
#39 0x00007f53fba06c9a in wl_client_connection_data (fd=<optimized out>, mask=<optimized out>, data=0x563329f9dbd0) at ../src/wayland-server.c:444
#40 0x00007f53fba09c52 in wl_event_loop_dispatch (loop=0x56332827a330, timeout=<optimized out>) at ../src/event-loop.c:1105
#41 0x00007f53fe37d5da in operator() (__closure=0x563328309c70) at /home/rewine/deepin/treeland/waylib/src/server/kernel/wserver.cpp:108
#42 0x00007f53fe37f287 in operator() (__closure=0x7fffb0e39320) at /usr/include/x86_64-linux-gnu/qt6/QtCore/qobjectdefs_impl.h:141
--Type <RET> for more, q to quit, c to continue without paging--
#43 0x00007f53fe37f338 in QtPrivate::FunctorCallBase::call_internal<void, QtPrivate::FunctorCall<QtPrivate::IndexesList<>, QtPrivate::List<>, void, Waylib::Server::WServerPrivate::init()::<lambda()> >::call(Waylib::Server::WServerPrivate::init()::<lambda()>&, void**)::<lambda()> >(void **, struct {...} &&) (args=0x7fffb0e394b0, fn=...) at /usr/include/x86_64-linux-gnu/qt6/QtCore/qobjectdefs_impl.h:65
#44 0x00007f53fe37f2bd in QtPrivate::FunctorCall<QtPrivate::IndexesList<>, QtPrivate::List<>, void, Waylib::Server::WServerPrivate::init()::<lambda()> >::call(struct {...} &, void **) (f=..., arg=0x7fffb0e394b0)
    at /usr/include/x86_64-linux-gnu/qt6/QtCore/qobjectdefs_impl.h:140
#45 0x00007f53fe37f231 in QtPrivate::FunctorCallable<Waylib::Server::WServerPrivate::init()::<lambda()> >::call<QtPrivate::List<>, void>(struct {...} &, void *, void **) (f=..., arg=0x7fffb0e394b0)
    at /usr/include/x86_64-linux-gnu/qt6/QtCore/qobjectdefs_impl.h:362
#46 0x00007f53fe37f14a in QtPrivate::QCallableObject<Waylib::Server::WServerPrivate::init()::<lambda()>, QtPrivate::List<>, void>::impl(int, QtPrivate::QSlotObjectBase *, QObject *, void **, bool *)
    (which=1, this_=0x563328309c60, r=0x56332827a180, a=0x7fffb0e394b0, ret=0x0) at /usr/include/x86_64-linux-gnu/qt6/QtCore/qobjectdefs_impl.h:572
#47 0x00007f53fda3fa1c in QtPrivate::QSlotObjectBase::call (a=0x7fffb0e394b0, r=0x56332827a180, this=0x563328309c60, this=<optimized out>, r=<optimized out>, a=<optimized out>) at ./src/corelib/kernel/qobjectdefs_impl.h:486
#48 doActivate<false> (sender=0x563328309ba0, signal_index=3, argv=0x7fffb0e394b0) at ./src/corelib/kernel/qobject.cpp:4120
#49 0x00007f53fda49f33 in QSocketNotifier::activated (this=this@entry=0x563328309ba0, _t1=..., _t2=<optimized out>, _t3=...) at ./obj-x86_64-linux-gnu/src/corelib/Core_autogen/include/moc_qsocketnotifier.cpp:195
#50 0x00007f53fda4a063 in QSocketNotifier::event (this=0x563328309ba0, e=<optimized out>) at ./src/corelib/kernel/qsocketnotifier.cpp:327
#51 0x00007f53fd9f3938 in QCoreApplication::notifyInternal2 (receiver=0x563328309ba0, event=0x7fffb0e395c0) at ./src/corelib/kernel/qcoreapplication.cpp:1165
#52 0x00007f53fdbef54f in socketNotifierSourceDispatch (source=0x563327544050) at ./src/corelib/kernel/qeventdispatcher_glib.cpp:77
#53 0x00007f53fae45e0f in ??? () at /lib/x86_64-linux-gnu/libglib-2.0.so.0
#54 0x00007f53fae47e97 in ??? () at /lib/x86_64-linux-gnu/libglib-2.0.so.0
#55 0x00007f53fae484b0 in g_main_context_iteration () at /lib/x86_64-linux-gnu/libglib-2.0.so.0
#56 0x00007f53fdbe7070 in QEventDispatcherGlib::processEvents (this=0x5633274f64c0, flags=...) at ./src/corelib/kernel/qeventdispatcher_glib.cpp:396
#57 0x00007f53fd9fc67a in QEventLoop::exec (this=0x7fffb0e398b0, flags=...) at ./src/corelib/global/qflags.h:34
#58 0x00007f53fd9f6768 in QCoreApplication::exec () at ./src/corelib/global/qflags.h:74
#59 0x000056330d47b655 in main (argc=2, argv=0x7fffb0e39b28) at /home/rewine/deepin/treeland/src/main.cpp:48

```

**Comment by wineee** [comment]
41
```cpp
(gdb) bt
#0  pipe_reference_described (get_desc=<optimized out>, src=0x0, dst=0xf1) at ../src/gallium/auxiliary/util/u_inlines.h:88
#1  pipe_reference (src=0x0, dst=0xf1) at ../src/gallium/auxiliary/util/u_inlines.h:102
#2  st_FreeTextureImageBuffer (ctx=ctx@entry=0x55eac9bd0b20, texImage=texImage@entry=0x55eacdf27710) at ../src/mesa/state_tracker/st_cb_texture.c:467
#3  0x00007f1ef906fc0d in _mesa_delete_texture_image (ctx=ctx@entry=0x55eac9bd0b20, texImage=0x55eacdf27710) at ../src/mesa/main/teximage.c:226
#4  0x00007f1ef9082460 in _mesa_delete_texture_object (ctx=0x55eac9bd0b20, texObj=0x55eace1e6880) at ../src/mesa/main/texobj.c:532
#5  0x00007f1ef908257d in _mesa_reference_texobj_ (ptr=ptr@entry=0x7fff5f5aafa0, tex=tex@entry=0x0) at ../src/mesa/main/texobj.c:639
#6  0x00007f1ef90827db in _mesa_reference_texobj (tex=0x0, ptr=0x7fff5f5aafa0) at ../src/mesa/main/texobj.h:92
#7  delete_textures (ctx=0x55eac9bd0b20, n=<optimized out>, textures=<optimized out>) at ../src/mesa/main/texobj.c:1578
#8  0x00007f1f088a19ff in destroy_buffer (buffer=0x55eace8bfd10) at ../render/gles2/renderer.c:64
#9  0x00007f1f089161b1 in wlr_addon_set_finish (set=set@entry=0x55eacdf59e38) at ../util/addon.c:18
#10 0x00007f1f088e8c24 in wlr_buffer_finish (buffer=buffer@entry=0x55eacdf59df0) at ../types/buffer/buffer.c:29
#11 0x00007f1f088fef18 in buffer_destroy (wlr_buffer=0x55eacdf59df0) at ../types/wlr_linux_dmabuf_v1.c:105
#12 0x00007f1f064511c7 in remove_and_destroy_resource (element=0x55eaccff1900, data=<optimized out>, flags=0) at ../src/wayland-server.c:757
#13 0x00007f1f0507d01a in ffi_call_unix64 () at ../src/x86/unix64.S:104
#14 0x00007f1f0507c4be in ffi_call_int (cif=cif@entry=0x7fff5f5ab2b0, fn=fn@entry=0x7f1f088fdcb0 <buffer_handle_destroy>, rvalue=<optimized out>, 
    rvalue@entry=0x0, avalue=<optimized out>, closure=closure@entry=0x0) at ../src/x86/ffi64.c:673
#15 0x00007f1f0507cbad in ffi_call (cif=cif@entry=0x7fff5f5ab2b0, fn=0x7f1f088fdcb0 <buffer_handle_destroy>, rvalue=rvalue@entry=0x0, avalue=avalue@entry=0x7fff5f5ab380)
    at ../src/x86/ffi64.c:710
#16 0x00007f1f06456f46 in wl_closure_invoke (closure=closure@entry=0x55eacda3a030, flags=flags@entry=2, target=<optimized out>, 
    target@entry=0x55eaccff1900, opcode=opcode@entry=0, data=<optimized out>, data@entry=0x55eacd5ee7e0) at ../src/connection.c:1228
#17 0x00007f1f06451c9a in wl_client_connection_data (fd=<optimized out>, mask=<optimized out>, data=0x55eacd5ee7e0) at ../src/wayland-server.c:444
#18 0x00007f1f06454c52 in wl_event_loop_dispatch (loop=0x55eaca4127d0, timeout=<optimized out>) at ../src/event-loop.c:1105
#19 0x00007f1f08da79b0 in Waylib::Server::WServerPrivate::init()::{lambda()#1}::operator()() const () at /usr/bin/../lib/x86_64-linux-gnu/libwaylibserver.so.0
#20 0x00007f1f08da9647 in QtPrivate::FunctorCall<QtPrivate::IndexesList<>, QtPrivate::List<>, void, Waylib::Server::WServerPrivate::init()::{lambda()#1}>::call(Waylib::Server::WServerPrivate::init()::{lambda()#1}&, void**)::{lambda()#1}::operator()() const () at /usr/bin/../lib/x86_64-linux-gnu/libwaylibserver.so.0
#21 0x00007f1f08da96f8 in void QtPrivate::FunctorCallBase::call_internal<void, QtPrivate::FunctorCall<QtPrivate::IndexesList<>, QtPrivate::List<>, void, Waylib::Server::WServerPrivate::init()::{lambda()#1}>::call(Waylib::Server::WServerPrivate::init()::{lambda()#1}&, void**)::{lambda()#1}>(void**, QtPrivate::FunctorCall<QtPrivate::IndexesList<>, QtPrivate::List<>, void, Waylib::Server::WServerPrivate::init()::{lambda()#1}>::call(Waylib::Server::WServerPrivate::init()::{lambda()#1}&, void**)::{lambda()#1}&&) ()
    at /usr/bin/../lib/x86_64-linux-gnu/libwaylibserver.so.0
#22 0x00007f1f08da967d in QtPrivate::FunctorCall<QtPrivate::IndexesList<>, QtPrivate::List<>, void, Waylib::Server::WServerPrivate::init()::{lambda()#1}>::call(Waylib::Server::WServerPrivate::init()::{lambda()#1}&, void**) () at /usr/bin/../lib/x86_64-linux-gnu/libwaylibserver.so.0
#23 0x00007f1f08da95f1 in void QtPrivate::FunctorCallable<Waylib::Server::WServerPrivate::init()::{lambda()#1}>::call<QtPrivate::List<>, void>(Waylib::Server::WServerPrivate::init()::{lambda()#1}&, void*, void**) () at /usr/bin/../lib/x86_64-linux-gnu/libwaylibserver.so.0
#24 0x00007f1f08da950a in QtPrivate::QCallableObject<Waylib::Server::WServerPrivate::init()::{lambda()#1}, QtPrivate::List<>, void>::impl(int, QtPrivate::QSlotObjectBase*, QObject*, void**, bool*) () at /usr/bin/../lib/x86_64-linux-gnu/libwaylibserver.so.0
#25 0x00007f1f0848ca1c in QtPrivate::QSlotObjectBase::call (a=0x7fff5f5ab940, r=0x55eaca412620, this=0x55eaca549ff0, this=<optimized out>, r=<optimized out>, a=<optimized out>)
    at ./src/corelib/kernel/qobjectdefs_impl.h:486
#26 doActivate<false> (sender=0x55eaca549f30, signal_index=3, argv=0x7fff5f5ab940) at ./src/corelib/kernel/qobject.cpp:4120
#27 0x00007f1f08496f33 in QSocketNotifier::activated (this=this@entry=0x55eaca549f30, _t1=..., _t2=<optimized out>, _t3=...)
    at ./obj-x86_64-linux-gnu/src/corelib/Core_autogen/include/moc_qsocketnotifier.cpp:195
#28 0x00007f1f08497063 in QSocketNotifier::event (this=0x55eaca549f30, e=<optimized out>) at ./src/corelib/kernel/qsocketnotifier.cpp:327
#29 0x00007f1f08440938 in QCoreApplication::notifyInternal2 (receiver=0x55eaca549f30, event=0x7fff5f5aba50) at ./src/corelib/kernel/qcoreapplication.cpp:1165
#30 0x00007f1f0863c54f in socketNotifierSourceDispatch (source=0x55eac975eff0) at ./src/corelib/kernel/qeventdispatcher_glib.cpp:77
#31 0x00007f1f05913e0f in ??? () at /lib/x86_64-linux-gnu/libglib-2.0.so.0
#32 0x00007f1f05915e97 in ??? () at /lib/x86_64-linux-gnu/libglib-2.0.so.0
#33 0x00007f1f059164b0 in g_main_context_iteration () at /lib/x86_64-linux-gnu/libglib-2.0.so.0
#34 0x00007f1f08634070 in QEventDispatcherGlib::processEvents (this=0x55eac97114c0, flags=...) at ./src/corelib/kernel/qeventdispatcher_glib.cpp:396
#35 0x00007f1f0844967a in QEventLoop::exec (this=0x7fff5f5abd40, flags=...) at ./src/corelib/global/qflags.h:34
#36 0x00007f1f08443768 in QCoreApplication::exec () at ./src/corelib/global/qflags.h:74
#37 0x000055eab949c662 in main ()
```

**Comment by wineee** [comment]
42 
```cpp
#0  0x00007f93269b3b7c in QScopedPointer<QObjectData, QScopedPointerDeleter<QObjectData> >::get (this=<optimized out>, this=<optimized out>) at /usr/include/x86_64-linux-gnu/qt6/QtCore/qscopedpointer.h:112
#1  qGetPtrHelper<QScopedPointer<QObjectData, QScopedPointerDeleter<QObjectData> > > (ptr=<optimized out>, ptr=<optimized out>) at /usr/include/x86_64-linux-gnu/qt6/QtCore/qtclasshelpermacros.h:103
#2  QQuickItem::d_func (this=<optimized out>) at ./src/quick/items/qquickitem.h:486
#3  QQuickItemPrivate::get (item=<optimized out>, item=<optimized out>) at ./src/quick/items/qquickitem_p.h:230
#4  QQuickTransform::update (this=<optimized out>) at ./src/quick/items/qquickitem.cpp:150
Python Exception <class 'gdb.MemoryError'>: Cannot access memory at address 0x0
#5  0x00007f9326a57310 in QQuickRotation::setAngle (this=0x563f7754cc90, angle=<optimized out>) at ./src/quick/items/qquicktranslate.cpp:347
        d = <optimized out>
#6  0x00007f93264be8b8 in QQmlPropertyData::writeProperty (this=<optimized out>, target=<optimized out>, value=<optimized out>, flags=...) at ./src/qml/qml/qqmlpropertydata_p.h:385
        status = -1
        argv = {0x7ffcad849e20, 0x0, 0x7ffcad849b3c, 0x7ffcad849b2c}
#7  0x00007f9326567fe1 in QQmlPropertyPrivate::write (object=0x563f7754cc90, property=..., value=..., context=..., flags=...) at ./src/qml/qml/qqmlproperty.cpp:1513
        propertyMetaType = {d_ptr = 0x7f93283a1200 <QtPrivate::QMetaTypeInterfaceWrapper<double>::metaType>}
        variantMetaType = {d_ptr = 0x7f93283a1200 <QtPrivate::QMetaTypeInterfaceWrapper<double>::metaType>}
        bindingFixer = {untypedBinding = {d = {d = 0x0}}}
        enginePriv = 0x563f74278b00
        isUrl = false
#8  0x00007f932656954e in QQmlPropertyPrivate::writeValueProperty (object=<optimized out>, core=<optimized out>, valueTypeData=<optimized out>, value=..., context=..., flags=...) at ./src/qml/qml/qqmlproperty.cpp:1306
#9  0x00007f93265695c1 in QQmlPropertyPrivate::writeValueProperty (this=0x563f7754e650, value=..., flags=...) at ./src/qml/qml/qqmlproperty.cpp:1251
#10 0x00007f9326569691 in QQmlPropertyPrivate::write (that=..., value=..., flags=..., flags@entry=...) at ./src/qml/qml/qqmlproperty.cpp:1852
#11 0x00007f9326b319e4 in QQuickAnimationPropertyUpdater::setValue (this=0x563f7754e200, v=0.25541642970708744) at ./src/quick/util/qquickanimation.cpp:2729
        action = @0x563f77562550: {restore = true, actionDone = false, reverseEvent = false, deletableToBinding = false, property = {d = 0x563f7754e650}, fromValue = {d = {static MaxInternalSize = 24, data = {data = '\000' <repeats 23 times>, shared = 0x0, _forAlignment = 0}, is_shared = 0, is_null = 0, packedType = 35067502953600}}, toValue = {d = {static MaxInternalSize = 24, data = {data = "\000\000\000\000\000\300R@", '\000' <repeats 15 times>, shared = 0x4052c00000000000, _forAlignment = 75}, is_shared = 0, is_null = 0, packedType = 35067502953600}}, fromBinding = {d = {ptr_value = 0, static FlagBit = 1, static Flag2Bit = 2, static FlagsMask = 3}}, toBinding = {d = {ptr_value = 0, static FlagBit = 1, static Flag2Bit = 2, static FlagsMask = 3}}, event = 0x0, specifiedObject = 0x0, specifiedProperty = {d = {d = 0x0, ptr = 0x0, size = 0}, static _empty = 0 u'\000'}}
        ii = 0
        deleted = false
#12 0x00007f93266374f4 in QAbstractAnimationJob::setCurrentTime (this=this@entry=0x563f7754ed80, msecs=<optimized out>) at ./src/qml/animations/qabstractanimationjob.cpp:481
        prevWasDeleted = 0x0
        wasDeleted = false
        dura = <optimized out>
        totalDura = <optimized out>
        oldLoop = 0
#13 0x00007f93266396ef in QParallelAnimationGroupJob::updateCurrentTime (this=0x563f7754f980) at ./src/qml/animations/qparallelanimationgroupjob.cpp:81
        prevWasDeleted = 0x7ffcad849f37
        wasDeleted = false
        dura = 400
        animation = 0x563f7754ed80
#14 0x00007f93266374f4 in QAbstractAnimationJob::setCurrentTime (this=0x563f7754f980, msecs=<optimized out>) at ./src/qml/animations/qabstractanimationjob.cpp:481
        prevWasDeleted = 0x0
        wasDeleted = false
        dura = <optimized out>
        totalDura = <optimized out>
        oldLoop = 0
#15 0x00007f932663777f in QQmlAnimationTimer::updateAnimationsTime (delta=17, this=0x563f74fc36b0) at ./src/qml/animations/qabstractanimationjob.cpp:103
        animation = <optimized out>
        elapsed = <optimized out>
#16 QQmlAnimationTimer::updateAnimationsTime (this=0x563f74fc36b0, delta=17) at ./src/qml/animations/qabstractanimationjob.cpp:86
        animation = <optimized out>
        elapsed = <optimized out>
        i = <optimized out>
#17 0x00007f93280be351 in QUnifiedTimer::updateAnimationTimers (this=this@entry=0x563f76c5a5d0) at ./src/corelib/animation/qabstractanimation.cpp:288
        animation = <optimized out>
        guard = {varRef = @0x563f76c5a630, oldValue = false}
        totalElapsed = <optimized out>
        delta = 17
#18 0x00007f93280c08d5 in QAnimationDriver::advanceAnimation (this=<optimized out>) at ./src/corelib/animation/qabstractanimation.cpp:755
        instance = 0x563f76c5a5d0
#19 0x00007f9327fe3ee6 in QObject::event (this=0x563f76c5a5e8, e=0x7ffcad84a160) at ./src/corelib/kernel/qobject.cpp:1393
#20 0x00007f9327fa1938 in QCoreApplication::notifyInternal2 (receiver=0x563f76c5a5e8, event=0x7ffcad84a160) at ./src/corelib/kernel/qcoreapplication.cpp:1165
        selfRequired = <optimized out>
--Type <RET> for more, q to quit, c to continue without paging--
        result = false
        cbdata = {0x563f76c5a5e8, 0x7ffcad84a160, 0x7ffcad84a0d7}
        d = <optimized out>
        threadData = <optimized out>
        scopeLevelCounter = {threadData = 0x563f741ccaf0}
#21 0x00007f93280dbc03 in QTimerInfoList::activateTimers (this=0x563f741d8120) at ./src/corelib/kernel/qtimerinfo_unix.cpp:426
        e = {<QEvent> = {_vptr.QEvent = 0x7f93283ab738 <vtable for QTimerEvent+16>, static staticMetaObject = {d = {superdata = {direct = 0x0}, stringdata = 0x7f9328221fa0 <(anonymous namespace)::qt_meta_stringdata_CLASSQEventENDCLASS>, data = 0x7f93282219c0 <qt_meta_data_CLASSQEventENDCLASS>, static_metacall = 0x0, relatedMetaObjects = 0x0, metaTypes = 0x7f93283a1ac0 <qt_incomplete_metaTypeArray<(anonymous namespace)::qt_meta_stringdata_CLASSQEventENDCLASS_t, QtPrivate::TypeAndForceComplete<QEvent::Type, std::integral_constant<bool, true> >, QtPrivate::TypeAndForceComplete<QEvent, std::integral_constant<bool, true> > >>, extradata = 0x0}}, t = 1, m_posted = false, m_spont = false, m_accept = true, m_unused = false, m_reserved = 0, m_inputEvent = 0, m_pointerEvent = 0, m_singlePointEvent = 0}, m_id = (unknown: 0x1)}
        currentTimerInfo = 0x563f773d2ee0
        now = std::chrono::_V2::steady_clock time_point = { 29443124437264ns }
        stillActive = {__now = <optimized out>}
        it = {i = <optimized out>}
        maxCount = 0
        n_act = 1
#22 0x00007f932819769c in timerSourceDispatch (source=<optimized out>) at ./src/corelib/kernel/qeventdispatcher_glib.cpp:152
        timerSource = <optimized out>
#23 0x00007f9325451e0f in ??? () at /lib/x86_64-linux-gnu/libglib-2.0.so.0
#24 0x00007f9325453e97 in ??? () at /lib/x86_64-linux-gnu/libglib-2.0.so.0
#25 0x00007f93254544b0 in g_main_context_iteration () at /lib/x86_64-linux-gnu/libglib-2.0.so.0
#26 0x00007f9328195070 in QEventDispatcherGlib::processEvents (this=0x563f7418a4c0, flags=...) at ./src/corelib/kernel/qeventdispatcher_glib.cpp:396
        d = 0x563f741d7cc0
        canWait = true
        savedFlags = {i = 0}
        result = <optimized out>
#27 0x00007f9327faa67a in QEventLoop::exec (this=0x7ffcad84a480, flags=...) at ./src/corelib/global/qflags.h:34
        d = 0x563f76683350
        threadData = <optimized out>
        locker = {m_mutex = 0x563f741ccc08, m_isLocked = false}
        ref = {d = 0x563f76683350, locker = @0x7ffcad84a3e0, exceptionCaught = true}
        app = 0x7ffcad84a520
#28 0x00007f9327fa4768 in QCoreApplication::exec () at ./src/corelib/global/qflags.h:74
        threadData = 0x563f741ccaf0
        eventLoop = {<QObject> = {_vptr.QObject = 0x7f93283a98e8 <vtable for QEventLoop+16>, static staticMetaObject = {d = {superdata = {direct = 0x0}, stringdata = 0x7f932821f2a0 <_ZN12_GLOBAL__N_1L39qt_meta_stringdata_CLASSQObjectENDCLASSE.lto_priv.0>, data = 0x7f932821f180 <_ZL33qt_meta_data_CLASSQObjectENDCLASS.lto_priv.0>, static_metacall = 0x7f9327fedfe0 <QObject::qt_static_metacall(QObject*, QMetaObject::Call, int, void**)>, relatedMetaObjects = 0x0, metaTypes = 0x7f93283a7020 <_Z27qt_incomplete_metaTypeArrayIN12_GLOBAL__N_141qt_meta_stringdata_CLASSQObjectENDCLASS_tEJN9QtPrivate20TypeAndForceCompleteI7QStringSt17integral_constantIbLb1EEEENS3_I7QObjectS6_EENS3_IvS5_IbLb0EEEENS3_IPS8_SA_EESB_SB_NS3_IRKS4_SA_EESB_SD_EE.lto_priv.0>, extradata = 0x0}}, d_ptr = {d = 0x563f76683350}}, static staticMetaObject = {d = {superdata = {direct = 0x7f93283a15e0 <QObject::staticMetaObject>}, stringdata = 0x7f932821e4e0 <_ZN12_GLOBAL__N_1L42qt_meta_stringdata_CLASSQEventLoopENDCLASSE.lto_priv.0>, data = 0x7f932821e3e0 <_ZL36qt_meta_data_CLASSQEventLoopENDCLASS.lto_priv.0>, static_metacall = 0x7f9327fa61a0 <QEventLoop::qt_static_metacall(QObject*, QMetaObject::Call, int, void**)>, relatedMetaObjects = 0x0, metaTypes = 0x7f93283a6ba0 <_Z27qt_incomplete_metaTypeArrayIN12_GLOBAL__N_144qt_meta_stringdata_CLASSQEventLoopENDCLASS_tEJN9QtPrivate20TypeAndForceCompleteI6QFlagsIN10QEventLoop17ProcessEventsFlagEESt17integral_constantIbLb1EEEENS3_IS5_S9_EENS3_IvS8_IbLb0EEEENS3_IiSC_EESD_SD_EE.lto_priv.0>, extradata = 0x0}}}
        returnCode = <optimized out>
#29 0x0000563f580db655 in main (argc=2, argv=0x7ffcad84a6f8) at /home/rewine/deepin/treeland/src/main.cpp:48
        app = <incomplete type>
        treeland = {<QObject> = {_vptr.QObject = 0x7f932967a1c0 <vtable for Treeland::Treeland+16>, static staticMetaObject = {d = {superdata = {direct = 0x0}, stringdata = 0x7f932821f2a0 <_ZN12_GLOBAL__N_1L39qt_meta_stringdata_CLASSQObjectENDCLASSE.lto_priv.0>, data = 0x7f932821f180 <_ZL33qt_meta_data_CLASSQObjectENDCLASS.lto_priv.0>, static_metacall = 0x7f9327fedfe0 <QObject::qt_static_metacall(QObject*, QMetaObject::Call, int, void**)>, relatedMetaObjects = 0x0, metaTypes = 0x7f93283a7020 <_Z27qt_incomplete_metaTypeArrayIN12_GLOBAL__N_141qt_meta_stringdata_CLASSQObjectENDCLASS_tEJN9QtPrivate20TypeAndForceCompleteI7QStringSt17integral_constantIbLb1EEEENS3_I7QObjectS6_EENS3_IvS5_IbLb0EEEENS3_IPS8_SA_EESB_SB_NS3_IRKS4_SA_EESB_SD_EE.lto_priv.0>, extradata = 0x0}}, d_ptr = {d = 0x563f74e796c0}}, <QDBusContext> = {d_ptr = 0x0}, <TreelandProxyInterface> = {_vptr.TreelandProxyInterface = 0x7f932967a258 <vtable for Treeland::Treeland+168>}, static staticMetaObject = {d = {superdata = {direct = 0x7f93283a15e0 <QObject::staticMetaObject>}, stringdata = 0x7f93294a2680 <(anonymous namespace)::qt_meta_stringdata_CLASSTreelandSCOPETreelandENDCLASS>, data = 0x7f93294a2720 <qt_meta_data_CLASSTreelandSCOPETreelandENDCLASS>, static_metacall = 0x7f9329258cae <Treeland::Treeland::qt_static_metacall(QObject*, QMetaObject::Call, int, void**)>, relatedMetaObjects = 0x0, metaTypes = 0x7f9329675440 <qt_incomplete_metaTypeArray<(anonymous namespace)::qt_meta_stringdata_CLASSTreelandSCOPETreelandENDCLASS_t, QtPrivate::TypeAndForceComplete<Treeland::Treeland, std::integral_constant<bool, true> >, QtPrivate::TypeAndForceComplete<void, std::integral_constant<bool, false> >, QtPrivate::TypeAndForceComplete<bool, std::integral_constant<bool, false> >, QtPrivate::TypeAndForceComplete<QDBusUnixFileDescriptor, std::integral_constant<bool, false> >, QtPrivate::TypeAndForceComplete<QString, std::integral_constant<bool, false> > >>, extradata = 0x0}}, d_ptr = std::unique_ptr<Treeland::TreelandPrivate> = {get() = 0x563f75056700}}
        quitCode = 32659

```

**Comment by wineee** [comment]
```cpp
(gdb) bt

#0  std::__atomic_base<int>::load (__m=std::memory_order_relaxed, this=0x100000000, this=<optimized out>, __m=<optimized out>) at /usr/include/c++/12/bits/atomic_base.h:502
#1  QAtomicOps<int>::loadRelaxed<int> (_q_value=<error reading variable: Cannot access memory at address 0x100000000>, _q_value=<optimized out>)
    at /usr/include/x86_64-linux-gnu/qt6/QtCore/qatomic_cxx11.h:202
#2  QBasicAtomicInteger<int>::loadRelaxed (this=0x100000000, this=<optimized out>) at /usr/include/x86_64-linux-gnu/qt6/QtCore/qbasicatomic.h:36
#3  QtPrivate::RefCount::deref (this=0x100000000) at /usr/include/x86_64-linux-gnu/qt6/QtCore/qrefcount.h:26
#4  0x00007fba2e1af62a in QHash<QObject* (*)(QObject*), QObject*>::~QHash (this=0x55f9bda754e0, this=<optimized out>) at /usr/include/x86_64-linux-gnu/qt6/QtCore/qhash.h:857
#5  QQmlDataExtended::~QQmlDataExtended (this=0x55f9bda754e0, this=<optimized out>) at ./src/qml/qml/qqmlengine.cpp:1177
#6  QQmlData::destroyed (this=0x55f9bdbf8870, object=<optimized out>) at ./src/qml/qml/qqmlengine.cpp:1425
#7  0x00007fba2fc9706c in QObject::~QObject (this=0x55f9bdbf8850, this=<optimized out>) at ./src/corelib/kernel/qobject.cpp:1044
#8  0x00007fb9dbd7a037 in QQmlPrivate::QQmlElement<Dtk::Quick::DQuickBorderImage>::~QQmlElement() () at /lib/x86_64-linux-gnu/libdtk6declarative.so.6
#9  0x00007fba2fc94c43 in QObjectPrivate::deleteChildren (this=this@entry=0x55f9bcb4dad0) at ./src/corelib/kernel/qobject.cpp:2211
#10 0x00007fba2fc97408 in QObject::~QObject (this=<optimized out>, this=<optimized out>) at ./src/corelib/kernel/qobject.cpp:1138
#11 0x00007fba2e892b99 in QQmlPrivate::QQmlElement<QQuickItem>::~QQmlElement (this=0x55f9bdbb5aa0, this=<optimized out>) at ./src/qml/qml/qqmlprivate.h:104
#12 QQmlPrivate::QQmlElement<QQuickItem>::~QQmlElement (this=0x55f9bdbb5aa0, this=<optimized out>) at ./src/qml/qml/qqmlprivate.h:104
#13 0x00007fba2fc94c43 in QObjectPrivate::deleteChildren (this=this@entry=0x55f9bda56500) at ./src/corelib/kernel/qobject.cpp:2211
#14 0x00007fba2fc97408 in QObject::~QObject (this=<optimized out>, this=<optimized out>) at ./src/corelib/kernel/qobject.cpp:1138
#15 0x00007fba2e892b99 in QQmlPrivate::QQmlElement<QQuickItem>::~QQmlElement (this=0x55f9bcbc2430, this=<optimized out>) at ./src/qml/qml/qqmlprivate.h:104
#16 QQmlPrivate::QQmlElement<QQuickItem>::~QQmlElement (this=0x55f9bcbc2430, this=<optimized out>) at ./src/qml/qml/qqmlprivate.h:104
#17 0x00007fba310fb3a5 in SurfaceWrapper::~SurfaceWrapper (this=0x55f9bda43530, __in_chrg=<optimized out>) at /home/rewine/deepin/treeland/src/surface/surfacewrapper.cpp:241
#18 0x00007fba310fb654 in SurfaceWrapper::~SurfaceWrapper (this=0x55f9bda43530, __in_chrg=<optimized out>) at /home/rewine/deepin/treeland/src/surface/surfacewrapper.cpp:264
#19 0x00007fba2fc95d36 in QObject::event (this=0x55f9bda43530, e=<optimized out>) at ./src/corelib/kernel/qobject.cpp:1404
#20 0x00007fba2fc53938 in QCoreApplication::notifyInternal2 (receiver=0x55f9bda43530, event=0x55f9bdb4f790) at ./src/corelib/kernel/qcoreapplication.cpp:1165
#21 0x00007fba2fc5b7d7 in QCoreApplicationPrivate::sendPostedEvents (receiver=0x0, event_type=0, data=0x55f9b9b22af0) at ./src/corelib/kernel/qcoreapplication.cpp:1965
#22 0x00007fba2fe49817 in postEventSourceDispatch (s=0x55f9b9b2df70) at ./src/corelib/kernel/qeventdispatcher_glib.cpp:246
#23 0x00007fba2d104e0f in ??? () at /lib/x86_64-linux-gnu/libglib-2.0.so.0
#24 0x00007fba2d106e97 in ??? () at /lib/x86_64-linux-gnu/libglib-2.0.so.0
#25 0x00007fba2d1074b0 in g_main_context_iteration () at /lib/x86_64-linux-gnu/libglib-2.0.so.0
#26 0x00007fba2fe47070 in QEventDispatcherGlib::processEvents (this=0x55f9b9ae04c0, flags=...) at ./src/corelib/kernel/qeventdispatcher_glib.cpp:396
#27 0x00007fba2fc5c67a in QEventLoop::exec (this=0x7fffd6224650, flags=...) at ./src/corelib/global/qflags.h:34
#28 0x00007fba2fc56768 in QCoreApplication::exec () at ./src/corelib/global/qflags.h:74
#29 0x000055f9b2bbc655 in main (argc=2, argv=0x7fffd62248c8) at /home/rewine/deepin/treeland/src/main.cpp:48
(gdb) 
#0  std::__atomic_base<int>::load (__m=std::memory_order_relaxed, this=0x100000000, this=<optimized out>, __m=<optimized out>) at /usr/include/c++/12/bits/atomic_base.h:502
#1  QAtomicOps<int>::loadRelaxed<int> (_q_value=<error reading variable: Cannot access memory at address 0x100000000>, _q_value=<optimized out>) at /usr/include/x86_64-linux-gnu/qt6/QtCore/qatomic_cxx11.h:202
#2  QBasicAtomicInteger<int>::loadRelaxed (this=0x100000000, this=<optimized out>) at /usr/include/x86_64-linux-gnu/qt6/QtCore/qbasicatomic.h:36
#3  QtPrivate::RefCount::deref (this=0x100000000) at /usr/include/x86_64-linux-gnu/qt6/QtCore/qrefcount.h:26
#4  0x00007fba2e1af62a in QHash<QObject* (*)(QObject*), QObject*>::~QHash (this=0x55f9bda754e0, this=<optimized out>) at /usr/include/x86_64-linux-gnu/qt6/QtCore/qhash.h:857
#5  QQmlDataExtended::~QQmlDataExtended (this=0x55f9bda754e0, this=<optimized out>) at ./src/qml/qml/qqmlengine.cpp:1177
#6  QQmlData::destroyed (this=0x55f9bdbf8870, object=<optimized out>) at ./src/qml/qml/qqmlengine.cpp:1425
#7  0x00007fba2fc9706c in QObject::~QObject (this=0x55f9bdbf8850, this=<optimized out>) at ./src/corelib/kernel/qobject.cpp:1044
#8  0x00007fb9dbd7a037 in QQmlPrivate::QQmlElement<Dtk::Quick::DQuickBorderImage>::~QQmlElement() () at /lib/x86_64-linux-gnu/libdtk6declarative.so.6
#9  0x00007fba2fc94c43 in QObjectPrivate::deleteChildren (this=this@entry=0x55f9bcb4dad0) at ./src/corelib/kernel/qobject.cpp:2211
#10 0x00007fba2fc97408 in QObject::~QObject (this=<optimized out>, this=<optimized out>) at ./src/corelib/kernel/qobject.cpp:1138
#11 0x00007fba2e892b99 in QQmlPrivate::QQmlElement<QQuickItem>::~QQmlElement (this=0x55f9bdbb5aa0, this=<optimized out>) at ./src/qml/qml/qqmlprivate.h:104
#12 QQmlPrivate::QQmlElement<QQuickItem>::~QQmlElement (this=0x55f9bdbb5aa0, this=<optimized out>) at ./src/qml/qml/qqmlprivate.h:104
#13 0x00007fba2fc94c43 in QObjectPrivate::deleteChildren (this=this@entry=0x55f9bda56500) at ./src/corelib/kernel/qobject.cpp:2211
#14 0x00007fba2fc97408 in QObject::~QObject (this=<optimized out>, this=<optimized out>) at ./src/corelib/kernel/qobject.cpp:1138
#15 0x00007fba2e892b99 in QQmlPrivate::QQmlElement<QQuickItem>::~QQmlElement (this=0x55f9bcbc2430, this=<optimized out>) at ./src/qml/qml/qqmlprivate.h:104
#16 QQmlPrivate::QQmlElement<QQuickItem>::~QQmlElement (this=0x55f9bcbc2430, this=<optimized out>) at ./src/qml/qml/qqmlprivate.h:104
#17 0x00007fba310fb3a5 in SurfaceWrapper::~SurfaceWrapper (this=0x55f9bda43530, __in_chrg=<optimized out>) at /home/rewine/deepin/treeland/src/surface/surfacewrapper.cpp:241
#18 0x00007fba310fb654 in SurfaceWrapper::~SurfaceWrapper (this=0x55f9bda43530, __in_chrg=<optimized out>) at /home/rewine/deepin/treeland/src/surface/surfacewrapper.cpp:264
#19 0x00007fba2fc95d36 in QObject::event (this=0x55f9bda43530, e=<optimized out>) at ./src/corelib/kernel/qobject.cpp:1404
#20 0x00007fba2fc53938 in QCoreApplication::notifyInternal2 (receiver=0x55f9bda43530, event=0x55f9bdb4f790) at ./src/corelib/kernel/qcoreapplication.cpp:1165
#21 0x00007fba2fc5b7d7 in QCoreApplicationPrivate::sendPostedEvents (receiver=0x0, event_type=0, data=0x55f9b9b22af0) at ./src/corelib/kernel/qcoreapplication.cpp:1965
#22 0x00007fba2fe49817 in postEventSourceDispatch (s=0x55f9b9b2df70) at ./src/corelib/kernel/qeventdispatcher_glib.cpp:246
#23 0x00007fba2d104e0f in ??? () at /lib/x86_64-linux-gnu/libglib-2.0.so.0
#24 0x00007fba2d106e97 in ??? () at /lib/x86_64-linux-gnu/libglib-2.0.so.0
#25 0x00007fba2d1074b0 in g_main_context_iteration () at /lib/x86_64-linux-gnu/libglib-2.0.so.0
#26 0x00007fba2fe47070 in QEventDispatcherGlib::processEvents (this=0x55f9b9ae04c0, flags=...) at ./src/corelib/kernel/qeventdispatcher_glib.cpp:396
#27 0x00007fba2fc5c67a in QEventLoop::exec (this=0x7fffd6224650, flags=...) at ./src/corelib/global/qflags.h:34
#28 0x00007fba2fc56768 in QCoreApplication::exec () at ./src/corelib/global/qflags.h:74
#29 0x000055f9b2bbc655 in main (argc=2, argv=0x7fffd62248c8) at /home/rewine/deepin/treeland/src/main.cpp:48
(gdb) bt full
#0  std::__atomic_base<int>::load (__m=std::memory_order_relaxed, this=0x100000000, this=<optimized out>, __m=<optimized out>) at /usr/include/c++/12/bits/atomic_base.h:502
        __b = std::memory_order_relaxed
        __b = <optimized out>
#1  QAtomicOps<int>::loadRelaxed<int> (_q_value=<error reading variable: Cannot access memory at address 0x100000000>, _q_value=<optimized out>) at /usr/include/x86_64-linux-gnu/qt6/QtCore/qatomic_cxx11.h:202
#2  QBasicAtomicInteger<int>::loadRelaxed (this=0x100000000, this=<optimized out>) at /usr/include/x86_64-linux-gnu/qt6/QtCore/qbasicatomic.h:36
#3  QtPrivate::RefCount::deref (this=0x100000000) at /usr/include/x86_64-linux-gnu/qt6/QtCore/qrefcount.h:26
        count = <optimized out>
#4  0x00007fba2e1af62a in QHash<QObject* (*)(QObject*), QObject*>::~QHash (this=0x55f9bda754e0, this=<optimized out>) at /usr/include/x86_64-linux-gnu/qt6/QtCore/qhash.h:857
#5  QQmlDataExtended::~QQmlDataExtended (this=0x55f9bda754e0, this=<optimized out>) at ./src/qml/qml/qqmlengine.cpp:1177
#6  QQmlData::destroyed (this=0x55f9bdbf8870, object=<optimized out>) at ./src/qml/qml/qqmlengine.cpp:1425
        binding = <optimized out>
        signalHandler = <optimized out>
#7  0x00007fba2fc9706c in QObject::~QObject (this=0x55f9bdbf8850, this=<optimized out>) at ./src/corelib/kernel/qobject.cpp:1044
        d = 0x55f9bdbff940
        sharedRefcount = 0x55f9bdbf8930
        cd = <optimized out>
        d = <optimized out>
        sharedRefcount = <optimized out>
        cd = <optimized out>
        ownThread = <optimized out>
        privThread = <optimized out>
        signalSlotMutex = <optimized out>
        locker = {m_mutex = <optimized out>, m_isLocked = <optimized out>}
        receiverCount = <optimized out>
        signal = <optimized out>
        connectionList = <optimized out>
        c = <optimized out>
        m = <optimized out>
        needToUnlock = <optimized out>
        node = <optimized out>
        sender = <optimized out>
        m = <optimized out>
        needToUnlock = <optimized out>
        senderData = <optimized out>
        slotObj = <optimized out>
        locksAreTheSame = <optimized out>
#8  0x00007fb9dbd7a037 in QQmlPrivate::QQmlElement<Dtk::Quick::DQuickBorderImage>::~QQmlElement() () at /lib/x86_64-linux-gnu/libdtk6declarative.so.6
#9  0x00007fba2fc94c43 in QObjectPrivate::deleteChildren (this=this@entry=0x55f9bcb4dad0) at ./src/corelib/kernel/qobject.cpp:2211
        i = 0
#10 0x00007fba2fc97408 in QObject::~QObject (this=<optimized out>, this=<optimized out>) at ./src/corelib/kernel/qobject.cpp:1138
        d = <optimized out>
        sharedRefcount = <optimized out>
        cd = <optimized out>
        d = <optimized out>
        sharedRefcount = <optimized out>
        cd = <optimized out>
        ownThread = <optimized out>
        privThread = <optimized out>
        signalSlotMutex = <optimized out>
        locker = {m_mutex = <optimized out>, m_isLocked = <optimized out>}
        receiverCount = <optimized out>
        signal = <optimized out>
        connectionList = <optimized out>
        c = <optimized out>
        m = <optimized out>
        needToUnlock = <optimized out>
        node = <optimized out>
        sender = <optimized out>
        m = <optimized out>
        needToUnlock = <optimized out>
        senderData = <optimized out>
        slotObj = <optimized out>
        locksAreTheSame = <optimized out>
#11 0x00007fba2e892b99 in QQmlPrivate::QQmlElement<QQuickItem>::~QQmlElement (this=0x55f9bdbb5aa0, this=<optimized out>) at ./src/qml/qml/qqmlprivate.h:104
#12 QQmlPrivate::QQmlElement<QQuickItem>::~QQmlElement (this=0x55f9bdbb5aa0, this=<optimized out>) at ./src/qml/qml/qqmlprivate.h:104
#13 0x00007fba2fc94c43 in QObjectPrivate::deleteChildren (this=this@entry=0x55f9bda56500) at ./src/corelib/kernel/qobject.cpp:2211
        i = 1
#14 0x00007fba2fc97408 in QObject::~QObject (this=<optimized out>, this=<optimized out>) at ./src/corelib/kernel/qobject.cpp:1138
        d = <optimized out>
        sharedRefcount = <optimized out>
        cd = <optimized out>
        d = <optimized out>
--Type <RET> for more, q to quit, c to continue without paging--
        sharedRefcount = <optimized out>
        cd = <optimized out>
        ownThread = <optimized out>
        privThread = <optimized out>
        signalSlotMutex = <optimized out>
        locker = {m_mutex = <optimized out>, m_isLocked = <optimized out>}
        receiverCount = <optimized out>
        signal = <optimized out>
        connectionList = <optimized out>
        c = <optimized out>
        m = <optimized out>
        needToUnlock = <optimized out>
        node = <optimized out>
        sender = <optimized out>
        m = <optimized out>
        needToUnlock = <optimized out>
        senderData = <optimized out>
        slotObj = <optimized out>
        locksAreTheSame = <optimized out>
#15 0x00007fba2e892b99 in QQmlPrivate::QQmlElement<QQuickItem>::~QQmlElement (this=0x55f9bcbc2430, this=<optimized out>) at ./src/qml/qml/qqmlprivate.h:104
#16 QQmlPrivate::QQmlElement<QQuickItem>::~QQmlElement (this=0x55f9bcbc2430, this=<optimized out>) at ./src/qml/qml/qqmlprivate.h:104
#17 0x00007fba310fb3a5 in SurfaceWrapper::~SurfaceWrapper (this=0x55f9bda43530, __in_chrg=<optimized out>) at /home/rewine/deepin/treeland/src/surface/surfacewrapper.cpp:241
#18 0x00007fba310fb654 in SurfaceWrapper::~SurfaceWrapper (this=0x55f9bda43530, __in_chrg=<optimized out>) at /home/rewine/deepin/treeland/src/surface/surfacewrapper.cpp:264
#19 0x00007fba2fc95d36 in QObject::event (this=0x55f9bda43530, e=<optimized out>) at ./src/corelib/kernel/qobject.cpp:1404
#20 0x00007fba2fc53938 in QCoreApplication::notifyInternal2 (receiver=0x55f9bda43530, event=0x55f9bdb4f790) at ./src/corelib/kernel/qcoreapplication.cpp:1165
        selfRequired = <optimized out>
        result = false
        cbdata = {0x55f9bda43530, 0x55f9bdb4f790, 0x7fffd6224277}
        d = <optimized out>
        threadData = <optimized out>
        scopeLevelCounter = {threadData = 0x55f9b9b22af0}
#21 0x00007fba2fc5b7d7 in QCoreApplicationPrivate::sendPostedEvents (receiver=0x0, event_type=0, data=0x55f9b9b22af0) at ./src/corelib/kernel/qcoreapplication.cpp:1965
        e = <optimized out>
        pe = <optimized out>
        r = <optimized out>
        relocker = {m_func = {__locker = <optimized out>}, m_invoke = <optimized out>}
        event_deleter = {d = <optimized out>}
        locker = {_M_device = 0x55f9b9b22b48, _M_owns = false}
        startOffset = 0
        i = @0x55f9b9b22b38: 2
        cleanup = {receiver = 0x0, event_type = 0, data = 0x55f9b9b22af0, exceptionCaught = true}
#22 0x00007fba2fe49817 in postEventSourceDispatch (s=0x55f9b9b2df70) at ./src/corelib/kernel/qeventdispatcher_glib.cpp:246
        source = 0x55f9b9b2df70
#23 0x00007fba2d104e0f in ??? () at /lib/x86_64-linux-gnu/libglib-2.0.so.0
#24 0x00007fba2d106e97 in ??? () at /lib/x86_64-linux-gnu/libglib-2.0.so.0
#25 0x00007fba2d1074b0 in g_main_context_iteration () at /lib/x86_64-linux-gnu/libglib-2.0.so.0
#26 0x00007fba2fe47070 in QEventDispatcherGlib::processEvents (this=0x55f9b9ae04c0, flags=...) at ./src/corelib/kernel/qeventdispatcher_glib.cpp:396
        d = 0x55f9b9b2dcc0
        canWait = true
        savedFlags = {i = 0}
        result = <optimized out>
#27 0x00007fba2fc5c67a in QEventLoop::exec (this=0x7fffd6224650, flags=...) at ./src/corelib/global/qflags.h:34
        d = 0x55f9bc0a2810
        threadData = <optimized out>
        locker = {m_mutex = 0x55f9b9b22c08, m_isLocked = false}
        ref = {d = 0x55f9bc0a2810, locker = @0x7fffd62245b0, exceptionCaught = true}
        app = 0x7fffd62246f0
#28 0x00007fba2fc56768 in QCoreApplication::exec () at ./src/corelib/global/qflags.h:74
        threadData = 0x55f9b9b22af0
        eventLoop = {<QObject> = {_vptr.QObject = 0x7fba3005b8e8 <vtable for QEventLoop+16>, static staticMetaObject = {d = {superdata = {direct = 0x0}, stringdata = 0x7fba2fed12a0 <_ZN12_GLOBAL__N_1L39qt_meta_stringdata_CLASSQObjectENDCLASSE.lto_priv.0>, data = 0x7fba2fed1180 <_ZL33qt_meta_data_CLASSQObjectENDCLASS.lto_priv.0>, static_metacall = 0x7fba2fc9ffe0 <QObject::qt_static_metacall(QObject*, QMetaObject::Call, int, void**)>, relatedMetaObjects = 0x0, metaTypes = 0x7fba30059020 <_Z27qt_incomplete_metaTypeArrayIN12_GLOBAL__N_141qt_meta_stringdata_CLASSQObjectENDCLASS_tEJN9QtPrivate20TypeAndForceCompleteI7QStringSt17integral_constantIbLb1EEEENS3_I7QObjectS6_EENS3_IvS5_IbLb0EEEENS3_IPS8_SA_EESB_SB_NS3_IRKS4_SA_EESB_SD_EE.lto_priv.0>, extradata = 0x0}}, d_ptr = {d = 0x55f9bc0a2810}}, static staticMetaObject = {d = {superdata = {direct = 0x7fba300535e0 <QObject::staticMetaObject>}, stringdata = 0x7fba2fed04e0 <_ZN12_GLOBAL__N_1L42qt_meta_stringdata_CLASSQEventLoopENDCLASSE.lto_priv.0>, data = 0x7fba2fed03e0 <_ZL36qt_meta_data_CLASSQEventLoopENDCLASS.lto_priv.0>, static_metacall = 0x7fba2fc581a0 <QEventLoop::qt_static_metacall(QObject*, QMetaObject::Call, int, void**)>, relatedMetaObjects = 0x0, metaTypes = 0x7fba30058ba0 <_Z27qt_incomplete_metaTypeArrayIN12_GLOBAL__N_144qt_meta_stringdata_CLASSQEventLoopENDCLASS_tEJN9QtPrivate20TypeAndForceCompleteI6QFlagsIN10QEventLoop17ProcessEventsFlagEESt17integral_constantIbLb1EEEENS3_IS5_S9_EENS3_IvS8_IbLb0EEEENS3_IiSC_EESD_SD_EE.lto_priv.0>, extradata = 0x0}}}
        returnCode = <optimized out>
#29 0x000055f9b2bbc655 in main (argc=2, argv=0x7fffd62248c8) at /home/rewine/deepin/treeland/src/main.cpp:48


        app = <incomplete type>
        treeland = {<QObject> = {_vptr.QObject = 0x7fba313fc240 <vtable for Treeland::Treeland+16>, static staticMetaObject = {d = {superdata = {direct = 0x0}, stringdata = 0x7fba2fed12a0 <_ZN12_GLOBAL__N_1L39qt_meta_stringdata_CLASSQObjectENDCLASSE.lto_priv.0>, data = 0x7fba2fed1180 <_ZL33qt_meta_data_CLASSQObjectENDCLASS.lto_priv.0>, static_metacall = 0x7fba2fc9ffe0 <QObject::qt_static_metacall(QObject*, QMetaObject::Call, int, void**)>, relatedMetaObjects = 0x0, metaTypes = 0x7fba30059020 <_Z27qt_incomplete_metaTypeArrayIN12_GLOBAL__N_141qt_meta_stringdata_CLASSQObjectENDCLASS_tEJN9QtPrivate20TypeAndForceCompleteI7QStringSt17integral_constantIbLb1EEEENS3_I7QObjectS6_EENS3_IvS5_IbLb0EEEENS3_IPS8_SA_EESB_SB_NS3_IRKS4_SA_EESB_SD_EE.lto_priv.0>, extradata = 0x0}}, d_ptr = {d = 0x55f9ba7e52b0}}, <QDBusContext> = {d_ptr = 0x0}, <TreelandProxyInterface> = {_vptr.TreelandProxyInterface = 0x7fba313fc2c8 <vtable for Treeland::Treeland+152>}, static staticMetaObject = {d = {superdata = {direct = 0x7fba300535e0 <QObject::staticMetaObject>}, stringdata = 0x7fba3120c1a0 <(an--Type <RET> for more, q to quit, c to continue without paging--
onymous namespace)::qt_meta_stringdata_CLASSTreelandSCOPETreelandENDCLASS>, data = 0x7fba3120c240 <qt_meta_data_CLASSTreelandSCOPETreelandENDCLASS>, static_metacall = 0x7fba30f8d748 <Treeland::Treeland::qt_static_metacall(QObject*, QMetaObject::Call, int, void**)>, relatedMetaObjects = 0x0, metaTypes = 0x7fba313f74c0 <qt_incomplete_metaTypeArray<(anonymous namespace)::qt_meta_stringdata_CLASSTreelandSCOPETreelandENDCLASS_t, QtPrivate::TypeAndForceComplete<Treeland::Treeland, std::integral_constant<bool, true> >, QtPrivate::TypeAndForceComplete<void, std::integral_constant<bool, false> >, QtPrivate::TypeAndForceComplete<bool, std::integral_constant<bool, false> >, QtPrivate::TypeAndForceComplete<QDBusUnixFileDescriptor, std::integral_constant<bool, false> >, QtPrivate::TypeAndForceComplete<QString, std::integral_constant<bool, false> > >>, extradata = 0x0}}, d_ptr = std::unique_ptr<Treeland::TreelandPrivate> = {get() = 0x55f9ba9aca60}}
        quitCode = 32698

```

**Comment by wineee** [comment]
48
```
(gdb) bt
#0  __pthread_kill_implementation (threadid=<optimized out>, signo=signo@entry=6, no_tid=no_tid@entry=0)
    at ./nptl/pthread_kill.c:44
#1  0x00007fb492dcf19f in __pthread_kill_internal (signo=6, threadid=<optimized out>) at ./nptl/pthread_kill.c:78
#2  0x00007fb492d81282 in __GI_raise (sig=sig@entry=6) at ../sysdeps/posix/raise.c:26
#3  0x00007fb492d6a4f2 in __GI_abort () at ./stdlib/abort.c:79
#4  0x00007fb492d6a415 in __assert_fail_base
    (fmt=0x7fb4885a7ede <error: Cannot access memory at address 0x7fb4885a7ede>, assertion=assertion@entry=0x7fb493faa099 "!buffer->accessing_data_ptr", file=file@entry=0x7fb493faa083 "types/buffer/buffer.c", line=line@entry=40, function=function@entry=0x7fb493fde2b0 <__PRETTY_FUNCTION__.3> "buffer_consider_destroy") at ./assert/assert.c:94
#5  0x00007fb492d79e52 in __assert_fail
    (assertion=assertion@entry=0x7fb493faa099 "!buffer->accessing_data_ptr", file=file@entry=0x7fb493faa083 "types/buffer/buffer.c", line=line@entry=40, function=function@entry=0x7fb493fde2b0 <__PRETTY_FUNCTION__.3> "buffer_consider_destroy")
    at ./assert/assert.c:103
#6  0x00007fb493f5eb55 in buffer_consider_destroy (buffer=0x558b859330a0) at ../types/buffer/buffer.c:40
#7  0x00007fb493f5ed7d in buffer_consider_destroy (buffer=0x558b859330a0) at ../types/buffer/buffer.c:65
#8  wlr_buffer_unlock (buffer=0x558b859330a0) at ../types/buffer/buffer.c:72
#9  0x00007fb494455bc8 in qw_buffer::unlocker::cleanup(qw_buffer*) ()
    at /usr/bin/../lib/x86_64-linux-gnu/libwaylibserver.so.0
#10 0x00007fb494455be8 in qw_buffer::unlocker::operator()(qw_buffer*) const ()
    at /usr/bin/../lib/x86_64-linux-gnu/libwaylibserver.so.0
#11 0x00007fb4944563be in std::__uniq_ptr_impl<qw_buffer, qw_buffer::unlocker>::reset(qw_buffer*) ()
    at /usr/bin/../lib/x86_64-linux-gnu/libwaylibserver.so.0
#12 0x00007fb494455f9f in std::unique_ptr<qw_buffer, qw_buffer::unlocker>::reset(qw_buffer*) ()
    at /usr/bin/../lib/x86_64-linux-gnu/libwaylibserver.so.0
#13 0x00007fb49446caf1 in Waylib::Server::WSurfaceItemContentPrivate::init()::{lambda(unsigned int)#3}::operator()(unsigned int) const () at /usr/bin/../lib/x86_64-linux-gnu/libwaylibserver.so.0
#14 0x00007fb494475abb in QtPrivate::FunctorCall<QtPrivate::IndexesList<0>, QtPrivate::List<unsigned int>, void, Waylib::Server::WSurfaceItemContentPrivate::init()::{lambda(unsigned int)#3}>::call(Waylib::Server::WSurfaceItemContentPrivate::init()::{la--Type <RET> for more, q to quit, c to continue without paging--
mbda(unsigned int)#3}&, void**)::{lambda()#1}::operator()() const () at /usr/bin/../lib/x86_64-linux-gnu/libwaylibserver.so.0
#15 0x00007fb494476978 in void QtPrivate::FunctorCallBase::call_internal<void, QtPrivate::FunctorCall<QtPrivate::IndexesList<0>, QtPrivate::List<unsigned int>, void, Waylib::Server::WSurfaceItemContentPrivate::init()::{lambda(unsigned int)#3}>::call(Waylib::Server::WSurfaceItemContentPrivate::init()::{lambda(unsigned int)#3}&, void**)::{lambda()#1}>(void**, QtPrivate::FunctorCall<QtPrivate::IndexesList<0>, QtPrivate::List<unsigned int>, void, Waylib::Server::WSurfaceItemContentPrivate::init()::{lambda(unsigned int)#3}>::call(Waylib::Server::WSurfaceItemContentPrivate::init()::{lambda(unsigned int)#3}&, void**)::{lambda()#1}&&) () at /usr/bin/../lib/x86_64-linux-gnu/libwaylibserver.so.0
#16 0x00007fb494475af1 in QtPrivate::FunctorCall<QtPrivate::IndexesList<0>, QtPrivate::List<unsigned int>, void, Waylib::Server::WSurfaceItemContentPrivate::init()::{lambda(unsigned int)#3}>::call(Waylib::Server::WSurfaceItemContentPrivate::init()::{lambda(unsigned int)#3}&, void**) () at /usr/bin/../lib/x86_64-linux-gnu/libwaylibserver.so.0
#17 0x00007fb4944746b3 in void QtPrivate::FunctorCallable<Waylib::Server::WSurfaceItemContentPrivate::init()::{lambda(unsigned int)#3}, unsigned int>::call<QtPrivate::List<unsigned int>, void>(Waylib::Server::WSurfaceItemContentPrivate::init()::{lambda(unsigned int)#3}&, void*, void**) () at /usr/bin/../lib/x86_64-linux-gnu/libwaylibserver.so.0
#18 0x00007fb49447302a in QtPrivate::QCallableObject<Waylib::Server::WSurfaceItemContentPrivate::init()::{lambda(unsigned int)#3}, QtPrivate::List<unsigned int>, void>::impl(int, QtPrivate::QSlotObjectBase*, QObject*, void**, bool*) ()
    at /usr/bin/../lib/x86_64-linux-gnu/libwaylibserver.so.0
#19 0x00007fb493b0046c in QtPrivate::QSlotObjectBase::call
    (a=0x7ffe91c37890, r=0x558b856615b0, this=0x558b856b06a0, this=<optimized out>, r=<optimized out>, a=<optimized out>)
    at ./src/corelib/kernel/qobjectdefs_impl.h:486
#20 doActivate<false> (sender=0x558b856b5d20, signal_index=13, argv=0x7ffe91c37890) at ./src/corelib/kernel/qobject.cpp:4120
#21 0x00007fb4943e7234 in Waylib::Server::WSurface::commit(unsigned int) ()
    at /usr/bin/../lib/x86_64-linux-gnu/libwaylibserver.so.0
#22 0x00007fb494452d5a in Waylib::Server::WSurfacePrivate::on_commit() ()
    at /usr/bin/../lib/x86_64-linux-gnu/libwaylibserver.so.0
#23 0x00007fb49445308d in Waylib::Server::WSurfacePrivate::connect()::{lambda()#1}::operator()() const ()
    at /usr/bin/../lib/x86_64-linux-gnu/libwaylibserver.so.0
#24 0x00007fb49445579f in QtPrivate::FunctorCall<QtPrivate::IndexesList<>, QtPrivate::List<>, void, Waylib::Server::WSurfacePrivate::connect()::{lambda()#1}>::call(Waylib::Server::WSurfacePrivate::connect()::{lambda()#1}&, void**)::{lambda()#1}::operat--Type <RET> for more, q to quit, c to continue without paging--
or()() const () at /usr/bin/../lib/x86_64-linux-gnu/libwaylibserver.so.0
#25 0x00007fb4944558f4 in void QtPrivate::FunctorCallBase::call_internal<void, QtPrivate::FunctorCall<QtPrivate::IndexesList<>, QtPrivate::List<>, void, Waylib::Server::WSurfacePrivate::connect()::{lambda()#1}>::call(Waylib::Server::WSurfacePrivate::connect()::{lambda()#1}&, void**)::{lambda()#1}>(void**, QtPrivate::FunctorCall<QtPrivate::IndexesList<>, QtPrivate::List<>, void, Waylib::Server::WSurfacePrivate::connect()::{lambda()#1}>::call(Waylib::Server::WSurfacePrivate::connect()::{lambda()#1}&, void**)::{lambda()#1}&&) () at /usr/bin/../lib/x86_64-linux-gnu/libwaylibserver.so.0
#26 0x00007fb4944557d5 in QtPrivate::FunctorCall<QtPrivate::IndexesList<>, QtPrivate::List<>, void, Waylib::Server::WSurfacePrivate::connect()::{lambda()#1}>::call(Waylib::Server::WSurfacePrivate::connect()::{lambda()#1}&, void**) ()
    at /usr/bin/../lib/x86_64-linux-gnu/libwaylibserver.so.0
#27 0x00007fb494455673 in void QtPrivate::FunctorCallable<Waylib::Server::WSurfacePrivate::connect()::{lambda()#1}>::call<QtPrivate::List<>, void>(Waylib::Server::WSurfacePrivate::connect()::{lambda()#1}&, void*, void**) ()
    at /usr/bin/../lib/x86_64-linux-gnu/libwaylibserver.so.0
#28 0x00007fb49445549a in QtPrivate::QCallableObject<Waylib::Server::WSurfacePrivate::connect()::{lambda()#1}, QtPrivate::List<>, void>::impl(int, QtPrivate::QSlotObjectBase*, QObject*, void**, bool*) ()
    at /usr/bin/../lib/x86_64-linux-gnu/libwaylibserver.so.0
#29 0x00007fb493b0046c in QtPrivate::QSlotObjectBase::call
    (a=0x7ffe91c37a88, r=0x558b856b5d20, this=0x558b841fc0f0, this=<optimized out>, r=<optimized out>, a=<optimized out>)
    at ./src/corelib/kernel/qobjectdefs_impl.h:486
#30 doActivate<false> (sender=0x558b857044c0, signal_index=5, argv=0x7ffe91c37a88) at ./src/corelib/kernel/qobject.cpp:4120
#31 0x00007fb4945b387f in qw_surface::notify_commit() () at /usr/bin/../lib/x86_64-linux-gnu/libwaylibserver.so.0
#32 0x00007fb494eb174d in qw_signal_connector::callSlot0(wl_listener*, void*) ()
    at /usr/bin/../lib/x86_64-linux-gnu/libtreeland.so.0
#33 0x00007fb491a96afc in wl_signal_emit_mutable (signal=signal@entry=0x558b856c06b8, data=data@entry=0x558b856c03e0)
    at ../src/wayland-server.c:2314
#34 0x00007fb493f646a6 in surface_commit_state (surface=0x558b856c03e0, next=<optimized out>)
    at ../types/wlr_compositor.c:567
#35 0x00007fb4906c101a in ??? () at /lib/x86_64-linux-gnu/libffi.so.8
#36 0x00007fb4906c04be in ??? () at /lib/x86_64-linux-gnu/libffi.so.8
```

**Comment by wineee** [comment]
51
```cpp
(gdb) bt
#0  std::__atomic_base<void*>::load (__m=std::memory_order_relaxed, this=0x69) at /usr/include/c++/12/bits/atomic_base.h:834
#1  std::atomic<void*>::load (__m=std::memory_order_relaxed, this=0x69) at /usr/include/c++/12/atomic:581
#2  QAtomicOps<void*>::loadRelaxed<void*> (_q_value=<error reading variable: Cannot access memory at address 0x69>) at ./src/corelib/thread/qatomic_cxx11.h:202
#3  QBasicAtomicPointer<void>::loadRelaxed (this=0x69) at ./src/corelib/thread/qbasicatomic.h:170
#4  doActivate<false> (sender=0x55cce0b82c80, signal_index=0, argv=0x7fff2d31ba40) at ./src/corelib/kernel/qobject.cpp:4066
#5  0x00007f78e37859c3 in QObject::destroyed (this=<optimized out>, _t1=<optimized out>) at ./obj-x86_64-linux-gnu/src/corelib/kernel/moc_qobject.cpp:229
#6  0x00007f78e377cbf2 in QObject::~QObject (this=0x55cce0b82c80, this=<optimized out>) at ./src/corelib/kernel/qobject.cpp:1040
#7  0x00007f78e222856d in QSGBatchRenderer::Renderer::~Renderer (this=0x55cce0b82c80, this=<optimized out>) at ./src/quick/scenegraph/coreapi/qsgbatchrenderer.cpp:960
#8  0x00007f78e228815c in QSGRhiLayer::invalidated (this=this@entry=0x55cce0b7bc30) at ./src/quick/scenegraph/qsgrhilayer.cpp:35
#9  0x00007f78e2288d1b in QSGRhiLayer::~QSGRhiLayer (this=0x55cce0b7bc30, this=<optimized out>) at ./src/quick/scenegraph/qsgrhilayer.cpp:28
#10 0x00007f78e2288d3d in QSGRhiLayer::~QSGRhiLayer (this=0x55cce0b7bc30, this=<optimized out>) at ./src/quick/scenegraph/qsgrhilayer.cpp:29
#11 0x00007f78e243a4d7 in QQuickShaderEffectSourceCleanup::run (this=0x55cce0bc43e0) at ./src/quick/items/qquickshadereffectsource.cpp:55
#12 0x00007f78e21f8420 in QQuickWindowPrivate::runAndClearJobs (this=<optimized out>, jobs=<optimized out>) at ./src/quick/items/qquickwindow.cpp:3969
#13 0x00007f78e218f05b in QQuickRenderControl::sync (this=<optimized out>) at ./src/quick/items/qquickrendercontrol.cpp:378
#14 0x00007f78e413bcc1 in Waylib::Server::WOutputRenderWindowPrivate::doRender (this=0x55ccdd361ff0, needsFrameOutput=0x55ccddb35b70, outputs=..., forceRender=false, doCommit=true)
    at /home/rewine/deepin/treeland/waylib/src/server/qtquick/woutputrenderwindow.cpp:1515
#15 0x00007f78e413dbc3 in Waylib::Server::WOutputRenderWindow::render (this=0x55ccdd3614f0) at /home/rewine/deepin/treeland/waylib/src/server/qtquick/woutputrenderwindow.cpp:1915
#16 0x00007f78e4158b71 in QtPrivate::FunctorCall<QtPrivate::IndexesList<>, QtPrivate::List<>, void, void (Waylib::Server::WOutputRenderWindow::*)()>::call(void (Waylib::Server::WOutputRenderWindow::*)(), Waylib::Server::WOutputRenderWindow*, void**)::{lambda()#1}::operator()() const (__closure=0x7fff2d31bdc0) at /usr/include/x86_64-linux-gnu/qt6/QtCore/qobjectdefs_impl.h:152
#17 0x00007f78e415b884 in QtPrivate::FunctorCallBase::call_internal<void, QtPrivate::FunctorCall<QtPrivate::IndexesList<>, QtPrivate::List<>, void, void (Waylib::Server::WOutputRenderWindow::*)()>::call(void (Waylib::Server::WOutputRenderWindow::*)(), Waylib::Server::WOutputRenderWindow*, void**)::{lambda()#1}>(void**, QtPrivate::FunctorCall<QtPrivate::IndexesList<>, QtPrivate::List<>, void, void (Waylib::Server::WOutputRenderWindow::*)()>::call(void (Waylib::Server::WOutputRenderWindow::*)(), Waylib::Server::WOutputRenderWindow*, void**)::{lambda()#1}&&)
    (args=0x7fff2d31bf08, fn=...) at /usr/include/x86_64-linux-gnu/qt6/QtCore/qobjectdefs_impl.h:65
#18 0x00007f78e4158bd2 in QtPrivate::FunctorCall<QtPrivate::IndexesList<>, QtPrivate::List<>, void, void (Waylib::Server::WOutputRenderWindow::*)()>::call(void (Waylib::Server::WOutputRenderWindow::*)(), Waylib::Server::WOutputRenderWindow*, void**)
    (f=(void (Waylib::Server::WOutputRenderWindow::*)(Waylib::Server::WOutputRenderWindow * const)) 0x7f78e413db68 <Waylib::Server::WOutputRenderWindow::render()>, o=0x55ccdd3614f0, arg=0x7fff2d31bf08) at /usr/include/x86_64-linux-gnu/qt6/QtCore/qobjectdefs_impl.h:151
#19 0x00007f78e4155cb4 in QtPrivate::FunctionPointer<void (Waylib::Server::WOutputRenderWindow::*)()>::call<QtPrivate::List<>, void>(void (Waylib::Server::WOutputRenderWindow::*)(), Waylib::Server::WOutputRenderWindow*, void**)

    (f=(void (Waylib::Server::WOutputRenderWindow::*)(Waylib::Server::WOutputRenderWindow * const)) 0x7f78e413db68 <Waylib::Server::WOutputRenderWindow::render()>, o=0x55ccdd3614f0, arg=0x7fff2d31bf08) at /usr/include/x86_64-linux-gnu/qt6/QtCore/qobjectdefs_impl.h:199
#20 0x00007f78e4152759 in QtPrivate::QCallableObject<void (Waylib::Server::WOutputRenderWindow::*)(), QtPrivate::List<>, void>::impl(int, QtPrivate::QSlotObjectBase*, QObject*, void**, bool*) (which=1, this_=0x55ccddb1edc0, r=0x55ccdd3614f0, a=0x7fff2d31bf08, ret=0x0) at /usr/include/x86_64-linux-gnu/qt6/QtCore/qobjectdefs_impl.h:570
#21 0x00007f78e378546c in QtPrivate::QSlotObjectBase::call (a=0x7fff2d31bf08, r=0x55ccdd3614f0, this=0x55ccddb1edc0, this=<optimized out>, r=<optimized out>, a=<optimized out>)
    at ./src/corelib/kernel/qobjectdefs_impl.h:486
#22 doActivate<false> (sender=0x55ccddb35b70, signal_index=4, argv=0x7fff2d31bf08) at ./src/corelib/kernel/qobject.cpp:4120
#23 0x00007f78e4282135 in qw_output::notify_frame (this=0x55ccddb35b70) at /home/rewine/deepin/treeland/build/waylib/qwlroots/src/qwlroots_autogen/GZRP3O7STM/moc_qwoutput.cpp:254
#24 0x00007f78e4bcd667 in qw_signal_connector::callSlot0 (wl_listener=0x55ccddb938c8) at /home/rewine/deepin/treeland/qwlroots/src/util/qwsignalconnector.h:144
#25 0x00007f78e171bafc in wl_signal_emit_mutable (signal=signal@entry=0x55ccddbe2968, data=0x55ccddbe28c0) at ../src/wayland-server.c:2314
#26 0x00007f78e3bceedc in wlr_output_send_frame (output=0x55ccddbe28c0) at ../types/output/output.c:801
#27 0x00007f78e3bb4c58 in handle_page_flip (fd=<optimized out>, seq=16685, tv_sec=236, tv_usec=122782, crtc_id=<optimized out>, data=<optimized out>) at ../backend/drm/drm.c:2037
#28 0x00007f78e1495c4f in drmHandleEvent () at /usr/bin/../lib/x86_64-linux-gnu/libdrm.so.2
#29 0x00007f78e3bb5a2d in handle_drm_event (fd=<optimized out>, mask=<optimized out>, data=0x55ccdc9e68b0) at ../backend/drm/drm.c:2049
--Type <RET> for more, q to quit, c to continue without paging--
#30 0x00007f78e171dc52 in wl_event_loop_dispatch (loop=0x55ccdc754110, timeout=<optimized out>) at ../src/event-loop.c:1105
#31 0x00007f78e40f6dd2 in operator() (__closure=0x55ccdc9e9dc0) at /home/rewine/deepin/treeland/waylib/src/server/kernel/wserver.cpp:108
#32 0x00007f78e40f8a7f in operator() (__closure=0x7fff2d31c7f0) at /usr/include/x86_64-linux-gnu/qt6/QtCore/qobjectdefs_impl.h:141
#33 0x00007f78e40f8b30 in QtPrivate::FunctorCallBase::call_internal<void, QtPrivate::FunctorCall<QtPrivate::IndexesList<>, QtPrivate::List<>, void, Waylib::Server::WServerPrivate::init()::<lambda()> >::call(Waylib::Server::WServerPrivate::init()::<lambda()>&, void**)::<lambda()> >(void **, struct {...} &&) (args=0x7fff2d31c918, fn=...)
    at /usr/include/x86_64-linux-gnu/qt6/QtCore/qobjectdefs_impl.h:65
#34 0x00007f78e40f8ab5 in QtPrivate::FunctorCall<QtPrivate::IndexesList<>, QtPrivate::List<>, void, Waylib::Server::WServerPrivate::init()::<lambda()> >::call(struct {...} &, void **)
    (f=..., arg=0x7fff2d31c918) at /usr/include/x86_64-linux-gnu/qt6/QtCore/qobjectdefs_impl.h:140
#35 0x00007f78e40f8a29 in QtPrivate::FunctorCallable<Waylib::Server::WServerPrivate::init()::<lambda()> >::call<QtPrivate::List<>, void>(struct {...} &, void *, void **)
    (f=..., arg=0x7fff2d31c918) at /usr/include/x86_64-linux-gnu/qt6/QtCore/qobjectdefs_impl.h:362
#36 0x00007f78e40f8942 in QtPrivate::QCallableObject<Waylib::Server::WServerPrivate::init()::<lambda()>, QtPrivate::List<>, void>::impl(int, QtPrivate::QSlotObjectBase *, QObject *, void **, bool *) (which=1, this_=0x55ccdc9e9db0, r=0x55ccdc753f60, a=0x7fff2d31c918, ret=0x0) at /usr/include/x86_64-linux-gnu/qt6/QtCore/qobjectdefs_impl.h:572
#37 0x00007f78e378546c in QtPrivate::QSlotObjectBase::call (a=0x7fff2d31c918, r=0x55ccdc753f60, this=0x55ccdc9e9db0, this=<optimized out>, r=<optimized out>, a=<optimized out>)
    at ./src/corelib/kernel/qobjectdefs_impl.h:486
#38 doActivate<false> (sender=0x55ccdc6984c0, signal_index=3, argv=0x7fff2d31c918) at ./src/corelib/kernel/qobject.cpp:4120
#39 0x00007f78e392dd23 in QEventDispatcherGlib::processEvents (this=0x55ccdc6984c0, flags=...) at ./src/corelib/kernel/qeventdispatcher_glib.cpp:383
#40 0x00007f78e3741c2a in QEventLoop::exec (this=0x7fff2d31cab0, flags=...) at ./src/corelib/global/qflags.h:34
#41 0x00007f78e373bce8 in QCoreApplication::exec () at ./src/corelib/global/qflags.h:74
#42 0x000055ccd256265c in main (argc=2, argv=0x7fff2d31cd28) at /home/rewine/deepin/treeland/src/main.cpp:50

```

**Comment by wineee** [comment]
卡死，cpu 占用100%， gdb 无法 attach
```cpp
dtk.core.dsg: Failed to connect to session bus: Unable to autolaunch a dbus-daemon without a $DISPLAY for X11
dtk.core.dsg: Can't getId from AM for the  10360 , because AM is unavailable.
2025-11-12, 18:36:05.538 [Error] [qwlogging.h          qw_log::default_log_callback        29] [libseat] [libseat/backend/seatd.c:308] Could not poll connection: 断开的管道
2025-11-12, 18:36:05.539 [Info] [qwlogging.h          qw_log::default_log_callback        33] [libseat] [libseat/libseat.c:76] Backend 'seatd' failed to open seat, skipping
2025-11-12, 18:36:05.539 [Error] [qwlogging.h          qw_log::default_log_callback        29] [libseat] [libseat/backend/logind.c:660] Could not get primary session for user: 没有可用的数据
2025-11-12, 18:36:05.540 [Info] [qwlogging.h          qw_log::default_log_callback        33] [libseat] [libseat/libseat.c:76] Backend 'logind' failed to open seat, skipping
2025-11-12, 18:36:05.540 [Error] [qwlogging.h          qw_log::default_log_callback        29] [libseat] [libseat/libseat.c:79] No backend was able to open a seat
2025-11-12, 18:36:05.540 [Error] [qwlogging.h          qw_log::default_log_callback        29] [backend/session/session.c:83] Unable to create seat: 函数未实现
2025-11-12, 18:36:05.540 [Error] [qwlogging.h          qw_log::default_log_callback        29] [backend/session/session.c:256] Failed to load session backend
2025-11-12, 18:36:05.540 [Error] [qwlogging.h          qw_log::default_log_callback        29] [backend/backend.c:79] Failed to start a session
2025-11-12, 18:36:05.540 [Error] [qwlogging.h          qw_log::default_log_callback        29] [backend/backend.c:399] Failed to start a DRM session
2025-11-12, 18:36:05.541 [Fatal] [wrenderhelper.cpp    Waylib::Server::WRenderHelper::setupRendererBackend 661] Failed to create wlr_backend
fatal level error occured, the program will abort!
^C

```

**Comment by wineee** [comment]
和dock preview相关？
```
#0  0x00007f0345476912 in QV4::QObjectWrapper::markWrapper(QObject*, QV4::MarkStack*) ()
    at /usr/bin/../lib/x86_64-linux-gnu/libQt6Qml.so.6
#1  0x00007f03454817ea in QV4::Heap::QObjectWrapper::markObjects(QV4::Heap::Base*, QV4::MarkStack*) ()
    at /usr/bin/../lib/x86_64-linux-gnu/libQt6Qml.so.6
#2  0x00007f03454f1acf in QV4::MarkStack::drain(QDeadlineTimer) ()
    at /usr/bin/../lib/x86_64-linux-gnu/libQt6Qml.so.6
#3  0x00007f03454f1b36 in ??? () at /usr/bin/../lib/x86_64-linux-gnu/libQt6Qml.so.6
#4  0x00007f03454f2590 in QV4::GCStateMachine::transition() ()
    at /usr/bin/../lib/x86_64-linux-gnu/libQt6Qml.so.6
#5  0x00007f03454f28f9 in ??? () at /usr/bin/../lib/x86_64-linux-gnu/libQt6Qml.so.6
#6  0x00007f03454f63d4 in QV4::MemoryManager::allocData(unsigned long) ()
    at /usr/bin/../lib/x86_64-linux-gnu/libQt6Qml.so.6
#7  0x00007f0345614d6b in QV4::QQmlValueTypeWrapper::create(QV4::ExecutionEngine*, void const*, QMetaObject const*, QMetaType, QV4::Heap::Object*, int, QFlags<QV4::Heap::ReferenceObject::Flag>) ()
    at /usr/bin/../lib/x86_64-linux-gnu/libQt6Qml.so.6
#8  0x00007f034547a6c4 in ??? () at /usr/bin/../lib/x86_64-linux-gnu/libQt6Qml.so.6
#9  0x00007f03454738f0 in QV4::QQmlContextWrapper::lookupScopeObjectProperty(QV4::Lookup*, QV4::ExecutionEngine*, QV4::Value*) () at /usr/bin/../lib/x86_64-linux-gnu/libQt6Qml.so.6
#10 0x00007f030000a6b1 in ??? ()
#11 0x000055c741311220 in ??? ()
#12 0x0000000000000008 in ??? ()
#13 0x000055c7400b1880 in ??? ()
#14 0x0000000000000000 in ??? ()

```

**Comment by misaka18931** [comment]
master [849dfed](https://github.com/linuxdeepin/treeland/commit/849dfed554eeafa7590bca91ea00585f51f6719d) Dec 24, 2025
反复切换工作区后崩溃
```
Core was generated by `/usr/bin/treeland --lockscreen'.
Program terminated with signal SIGSEGV, Segmentation fault.
#0  0x00007f2610f09504 in QQuickItem::childItems() const () from /usr/bin/../lib/x86_64-linux-gnu/libQt6Quick.so.6
[Current thread is 1 (Thread 0x7f260b82bec0 (LWP 2918))]
------- tip of the day (disable with set show-tips off) -------
Calling functions like call (void)puts("hello world") will run all other target threads for the time the function runs. Use set scheduler-locking on to lock the execution to current thread when calling functions
LEGEND: STACK | HEAP | CODE | DATA | WX | RODATA
──────────────────────────────────────────────────────────────────────────────────────────────────────────────────────[ REGISTERS / show-flags off / show-compact-regs off ]───────────────────────────────────────────────────────────────────────────────────────────────────────────────────────
 RAX  0x7ffe10c92c00 ◂— 0
 RBX  0x55b30daec208 —▸ 0x55b31021c320 ◂— 1
 RCX  0x7ffe10c92c60 —▸ 0x55b30daec1e0 —▸ 0x7f2613e994d0 (vtable for WorkspaceModel+16) —▸ 0x7f2613962084 (WorkspaceModel::metaObject() const) ◂— push rbp
 RDX  0
 RDI  0x7ffe10c92c00 ◂— 0
 RSI  0
 R8   0x7ffe10c92c70 —▸ 0xffffffffffffffff ◂— 0xffffffffffffffff
 R9   0x55b310119b50 —▸ 0x7f260f2d7cc8 (vtable for VDMAbstractItemModelDataType+152) —▸ 0x7f260f27a620 (non-virtual thunk to VDMAbstractItemModelDataType::~VDMAbstractItemModelDataType()) ◂— endbr64 
 R10  0x7f260f279ca0 (non-virtual thunk to VDMAbstractItemModelDataType::metaCall(QObject*, QMetaObject::Call, int, void**)) ◂— endbr64 
 R11  1
 R12  0xe
 R13  0x55b30daec1e0 —▸ 0x7f2613e994d0 (vtable for WorkspaceModel+16) —▸ 0x7f2613962084 (WorkspaceModel::metaObject() const) ◂— push rbp
 R14  0x7ffe10c92c70 —▸ 0xffffffffffffffff ◂— 0xffffffffffffffff
 R15  0x7ffe10c92c50 ◂— 0
 RBP  0x7ffe10c92c30 —▸ 0x55b30f87ef70 —▸ 0x7f260f2d92a8 (vtable for QQmlDMAbstractItemModelData+16) —▸ 0x7f260f23ec60 (QQmlDMAbstractItemModelData::metaObject() const) ◂— endbr64 
 RSP  0x7ffe10c92bc8 —▸ 0x7f2613ad9938 (SurfaceListModel::data(QModelIndex const&, int) const+204) ◂— lea rcx, [rbp - 0x38]
 RIP  0x7f2610f09504 (QQuickItem::childItems() const+4) ◂— mov rcx, qword ptr [rsi + 8]
───────────────────────────────────────────────────────────────────────────────────────────────────────────────────────────────[ DISASM / x86-64 / set emulate on ]────────────────────────────────────────────────────────────────────────────────────────────────────────────────────────────────
 ► 0x7f2610f09504 <QQuickItem::childItems() const+4>     mov    rcx, qword ptr [rsi + 8]           <Cannot dereference [8]>
   0x7f2610f09508 <QQuickItem::childItems() const+8>     mov    rax, rdi                           RAX => 0x7ffe10c92c00
   0x7f2610f0950b <QQuickItem::childItems() const+11>    movdqu xmm0, xmmword ptr [rcx + 0xf0]
   0x7f2610f09513 <QQuickItem::childItems() const+19>    mov    rdx, qword ptr [rcx + 0xf0]
   0x7f2610f0951a <QQuickItem::childItems() const+26>    mov    rcx, qword ptr [rcx + 0x100]
   0x7f2610f09521 <QQuickItem::childItems() const+33>    movups xmmword ptr [rdi], xmm0
   0x7f2610f09524 <QQuickItem::childItems() const+36>    mov    qword ptr [rdi + 0x10], rcx
   0x7f2610f09528 <QQuickItem::childItems() const+40>    test   rdx, rdx
   0x7f2610f0952b <QQuickItem::childItems() const+43>    je     QQuickItem::childItems() const+49 <QQuickItem::childItems() const+49>
 
   0x7f2610f0952d <QQuickItem::childItems() const+45>    lock add dword ptr [rdx], 1
   0x7f2610f09531 <QQuickItem::childItems() const+49>    ret    
─────────────────────────────────────────────────────────────────────────────────────────────────────────────────────────────────────────────[ STACK ]─────────────────────────────────────────────────────────────────────────────────────────────────────────────────────────────────────────────
00:0000│ rsp     0x7ffe10c92bc8 —▸ 0x7f2613ad9938 (SurfaceListModel::data(QModelIndex const&, int) const+204) ◂— lea rcx, [rbp - 0x38]
01:0008│-060     0x7ffe10c92bd0 ◂— 0xe00000000
02:0010│-058     0x7ffe10c92bd8 —▸ 0x7ffe10c92c50 ◂— 0
03:0018│-050     0x7ffe10c92be0 —▸ 0x55b30daec1e0 —▸ 0x7f2613e994d0 (vtable for WorkspaceModel+16) —▸ 0x7f2613962084 (WorkspaceModel::metaObject() const) ◂— push rbp
04:0020│-048     0x7ffe10c92be8 —▸ 0x7ffe10c92d00 —▸ 0x55b30f87e9e0 —▸ 0x7f2600020003 ◂— and al, byte ptr [rax] /* '"' */
05:0028│-040     0x7ffe10c92bf0 —▸ 0x55b30daec1e0 —▸ 0x7f2613e994d0 (vtable for WorkspaceModel+16) —▸ 0x7f2613962084 (WorkspaceModel::metaObject() const) ◂— push rbp
06:0030│-038     0x7ffe10c92bf8 —▸ 0x55b30f889180 —▸ 0x7f2613e99ed8 (vtable for SurfaceWrapper+16) —▸ 0x7f261395e4d4 (SurfaceWrapper::metaObject() const) ◂— push rbp
07:0038│ rax rdi 0x7ffe10c92c00 ◂— 0
───────────────────────────────────────────────────────────────────────────────────────────────────────────────────────────────────────────[ BACKTRACE ]───────────────────────────────────────────────────────────────────────────────────────────────────────────────────────────────────────────
 ► 0   0x7f2610f09504 QQuickItem::childItems() const+4
   1   0x7f2613ad9938 SurfaceListModel::data(QModelIndex const&, int) const+204
   2   0x7f260f298acd QQmlDMAbstractItemModelData::value(int) const+141
   3   0x7f260f298acd QQmlDMAbstractItemModelData::value(int) const+141
   4   0x7f260f29c9ba QQmlDMAbstractItemModelData::metaCall(QMetaObject::Call, int, void**)+186
   5   0x7f261250bc6f QMetaProperty::read(QObject const*) const+543
   6   0x7f2610ac7708 QQmlPropertyToPropertyBinding::update(QFlags<QQmlPropertyData::WriteFlag>)+408
   7   0x7f260f285050 QQDMIncubationTask::initializeRequiredProperties(QQmlDelegateModelItem*, QObject*)+1408
──────────────────────────────────────────────────────────────────────────────────────────────────────────────────────────────────────[ THREADS (33 TOTAL) ]───────────────────────────────────────────────────────────────────────────────────────────────────────────────────────────────────────
  ► 1   "" stopped: 0x7f2610f09504 <QQuickItem::childItems() const+4> 
    29   "" stopped: 0x7f261180e606 <__futex_abstimed_wait_common+198> 
    28   "" stopped: 0x7f261180e606 <__futex_abstimed_wait_common+198> 
    24   "" stopped: 0x7f261180e606 <__futex_abstimed_wait_common+198> 
Not showing 29 thread(s). Use set context-max-threads <number of threads> to change this.
───────────────────────────────────────────────────────────────────────────────────────────────────────────────────────────────────────────────────────────────────────────────────────────────────────────────────────────────────────────────────────────────────────────────────────────────────
pwndbg> bt
#0  0x00007f2610f09504 in QQuickItem::childItems() const () from /usr/bin/../lib/x86_64-linux-gnu/libQt6Quick.so.6
#1  0x00007f2613ad9938 in SurfaceListModel::data(QModelIndex const&, int) const () from /usr/bin/../lib/x86_64-linux-gnu/libtreeland.so.0
#2  0x00007f260f298acd in QModelIndex::data (arole=14, this=0x7ffe10c92c50) at /usr/include/x86_64-linux-gnu/qt6/QtCore/qabstractitemmodel.h:518
#3  QQmlDMAbstractItemModelData::value (this=this@entry=0x55b30f87ef70, role=14) at ./src/qmlmodels/qqmldmabstractitemmodeldata.cpp:229
#4  0x00007f260f29c9ba in QQmlDMAbstractItemModelData::metaCall (this=0x55b30f87ef70, call=<optimized out>, id=<optimized out>, arguments=0x7ffe10c92d80) at ./src/qmlmodels/qqmldmabstractitemmodeldata.cpp:30
#5  0x00007f261250bc6f in QMetaProperty::read (this=this@entry=0x7ffe10c92e60, object=0x55b30f87ef70) at ./src/corelib/kernel/qmetaobject.cpp:3735
#6  0x00007f2610ac7708 in QQmlPropertyToPropertyBinding::update (this=0x55b3101f8fd0, flags=...) at ./src/qml/qml/qqmlpropertytopropertybinding.cpp:111
#7  0x00007f260f285050 in QQmlAnyBinding::installOn (mode=QQmlAnyBinding::IgnoreInterceptors, target=..., this=<synthetic pointer>) at ./src/qml/qml/qqmlanybinding_p.h:239
#8  QQDMIncubationTask::initializeRequiredProperties (this=<optimized out>, modelItemToIncubate=<optimized out>, object=<optimized out>) at ./src/qmlmodels/qqmldelegatemodel.cpp:972
#9  0x00007f260f2854ab in QQmlDelegateModelPrivate::setInitialState (o=0x55b3100bede0, incubationTask=0x55b3101f7d60, this=0x55b31014d340) at ./src/qmlmodels/qqmldelegatemodel.cpp:1148
#10 QQDMIncubationTask::setInitialState (this=0x55b3101f7d60, o=0x55b3100bede0) at ./src/qmlmodels/qqmldelegatemodel.cpp:1142
#11 0x00007f2610a6f32a in QQmlIncubatorPrivate::incubate (this=this@entry=0x55b30f87eaa0, i=...) at ./src/qml/qml/qqmlincubator.cpp:321
#12 0x00007f2610a6f934 in QQmlEnginePrivate::incubate (this=0x55b30cdcb910, i=..., forContext=...) at ./src/qml/qml/qqmlincubator.cpp:53
#13 0x00007f260f285f84 in QQmlDelegateModelPrivate::object (this=0x55b31014d340, group=QQmlListCompositor::Default, index=0, incubationMode=<optimized out>) at ./src/qmlmodels/qqmldelegatemodel.cpp:1272
#14 0x00007f26111f65c7 in QQuickRepeater::modelUpdated(QQmlChangeSet const&, bool) () from /usr/bin/../lib/x86_64-linux-gnu/libQt6Quick.so.6
#15 0x00007f26111f7404 in QQuickRepeater::qt_metacall(QMetaObject::Call, int, void**) () from /usr/bin/../lib/x86_64-linux-gnu/libQt6Quick.so.6
#16 0x00007f26125445cf in doActivate<false> (sender=0x55b30ffd2860, signal_index=4, argv=0x7ffe10c93640) at ./src/corelib/kernel/qobject.cpp:4146
#17 0x00007f260f2523ca in QQmlInstanceModel::modelUpdated (this=<optimized out>, _t1=..., _t2=<optimized out>) at ./obj-x86_64-linux-gnu/src/qmlmodels/QmlModels_autogen/include/moc_qqmlobjectmodel_p.cpp:279
#18 0x00007f260f282e4c in non-virtual thunk to QQmlDelegateModelPrivate::emitModelUpdated(QQmlChangeSet const&, bool) () at ./src/qmlmodels/qqmldelegatemodel_p_p.h:303
#19 0x00007f260f28848b in QQmlDelegateModelGroupPrivate::emitModelUpdated (reset=<optimized out>, this=0x55b30ffb8f80) at ./src/qmlmodels/qqmldelegatemodel.cpp:2883
#20 QQmlDelegateModelPrivate::emitChanges (this=this@entry=0x55b31014d340) at ./src/qmlmodels/qqmldelegatemodel.cpp:1881
#21 0x00007f260f28b19a in QQmlDelegateModel::_q_itemsInserted (this=<optimized out>, index=<optimized out>, count=<optimized out>) at ./src/qmlmodels/qqmldelegatemodel.cpp:1613
#22 0x00007f261254446c in QtPrivate::QSlotObjectBase::call (a=<optimized out>, r=<optimized out>, this=<optimized out>, this=<optimized out>, r=<optimized out>, a=<optimized out>) at ./src/corelib/kernel/qobjectdefs_impl.h:486
#23 doActivate<false> (sender=0x55b30daec1e0, signal_index=13, argv=0x7ffe10c948e0) at ./src/corelib/kernel/qobject.cpp:4120
#24 0x00007f26126acf22 in QAbstractItemModel::rowsInserted (this=<optimized out>, _t1=..., _t2=<optimized out>, _t3=<optimized out>, _t4=...) at ./obj-x86_64-linux-gnu/src/corelib/Core_autogen/include/moc_qabstractitemmodel.cpp:1057
#25 0x00007f26126a5896 in QAbstractItemModel::endInsertRows (this=0x55b30daec1e0) at ./src/corelib/itemmodels/qabstractitemmodel.cpp:2915
#26 0x00007f261397c9ff in ObjectListModel<SurfaceWrapper>::addObject(SurfaceWrapper*) () from /usr/bin/../lib/x86_64-linux-gnu/libtreeland.so.0
#27 0x00007f26139729fd in SurfaceListModel::addSurface(SurfaceWrapper*) () from /usr/bin/../lib/x86_64-linux-gnu/libtreeland.so.0
#28 0x00007f2613b122ef in WorkspaceModel::addSurface(SurfaceWrapper*) () from /usr/bin/../lib/x86_64-linux-gnu/libtreeland.so.0
#29 0x00007f2613b0b27e in Workspace::addSurface(SurfaceWrapper*, int) () from /usr/bin/../lib/x86_64-linux-gnu/libtreeland.so.0
#30 0x00007f2613b0b327 in Workspace::addSurface(SurfaceWrapper*) () from /usr/bin/../lib/x86_64-linux-gnu/libtreeland.so.0
#31 0x00007f2613a0ca4c in ShellHandler::matchOrCreateXdgWrapper(Waylib::Server::WXdgToplevelSurface*, QString const&) () from /usr/bin/../lib/x86_64-linux-gnu/libtreeland.so.0
#32 0x00007f2613a0c72a in ShellHandler::onXdgToplevelSurfaceAdded(Waylib::Server::WXdgToplevelSurface*) () from /usr/bin/../lib/x86_64-linux-gnu/libtreeland.so.0
#33 0x00007f2613a1bd77 in QtPrivate::FunctorCall<QtPrivate::IndexesList<0>, QtPrivate::List<Waylib::Server::WXdgToplevelSurface*>, void, void (ShellHandler::*)(Waylib::Server::WXdgToplevelSurface*)>::call(void (ShellHandler::*)(Waylib::Server::WXdgToplevelSurface*), ShellHandler*, void**)::{lambda()#1}::operator()() const () from /usr/bin/../lib/x86_64-linux-gnu/libtreeland.so.0
#34 0x00007f2613a1cc4e in void QtPrivate::FunctorCallBase::call_internal<void, QtPrivate::FunctorCall<QtPrivate::IndexesList<0>, QtPrivate::List<Waylib::Server::WXdgToplevelSurface*>, void, void (ShellHandler::*)(Waylib::Server::WXdgToplevelSurface*)>::call(void (ShellHandler::*)(Waylib::Server::WXdgToplevelSurface*), ShellHandler*, void**)::{lambda()#1}>(void**, QtPrivate::FunctorCall<QtPrivate::IndexesList<0>, QtPrivate::List<Waylib::Server::WXdgToplevelSurface*>, void, void (ShellHandler::*)(Waylib::Server::WXdgToplevelSurface*)>::call(void (ShellHandler::*)(Waylib::Server::WXdgToplevelSurface*), ShellHandler*, void**)::{lambda()#1}&&) () from /usr/bin/../lib/x86_64-linux-gnu/libtreeland.so.0
#35 0x00007f2613a1bdd8 in QtPrivate::FunctorCall<QtPrivate::IndexesList<0>, QtPrivate::List<Waylib::Server::WXdgToplevelSurface*>, void, void (ShellHandler::*)(Waylib::Server::WXdgToplevelSurface*)>::call(void (ShellHandler::*)(Waylib::Server::WXdgToplevelSurface*), ShellHandler*, void**)
    () from /usr/bin/../lib/x86_64-linux-gnu/libtreeland.so.0
#36 0x00007f2613a1a6ec in void QtPrivate::FunctionPointer<void (ShellHandler::*)(Waylib::Server::WXdgToplevelSurface*)>::call<QtPrivate::List<Waylib::Server::WXdgToplevelSurface*>, void>(void (ShellHandler::*)(Waylib::Server::WXdgToplevelSurface*), ShellHandler*, void**) ()
   from /usr/bin/../lib/x86_64-linux-gnu/libtreeland.so.0
#37 0x00007f2613a18c53 in QtPrivate::QCallableObject<void (ShellHandler::*)(Waylib::Server::WXdgToplevelSurface*), QtPrivate::List<Waylib::Server::WXdgToplevelSurface*>, void>::impl(int, QtPrivate::QSlotObjectBase*, QObject*, void**, bool*) ()
   from /usr/bin/../lib/x86_64-linux-gnu/libtreeland.so.0
#38 0x00007f261254446c in QtPrivate::QSlotObjectBase::call (a=<optimized out>, r=<optimized out>, this=<optimized out>, this=<optimized out>, r=<optimized out>, a=<optimized out>) at ./src/corelib/kernel/qobjectdefs_impl.h:486
#39 doActivate<false> (sender=0x55b30d8f21b0, signal_index=3, argv=0x7ffe10c94e80) at ./src/corelib/kernel/qobject.cpp:4120
#40 0x00007f2612e3632f in Waylib::Server::WXdgShell::toplevelSurfaceAdded(Waylib::Server::WXdgToplevelSurface*) () from /usr/bin/../lib/x86_64-linux-gnu/libwaylibserver.so.0
#41 0x00007f2612f837af in Waylib::Server::WXdgShellPrivate::onNewXdgToplevelSurface(qw_xdg_toplevel*) () from /usr/bin/../lib/x86_64-linux-gnu/libwaylibserver.so.0
#42 0x00007f2612f83f3a in Waylib::Server::WXdgShell::create(Waylib::Server::WServer*)::{lambda(wlr_xdg_toplevel*)#1}::operator()(wlr_xdg_toplevel*) const () from /usr/bin/../lib/x86_64-linux-gnu/libwaylibserver.so.0
#43 0x00007f2612f84c59 in QtPrivate::FunctorCall<QtPrivate::IndexesList<0>, QtPrivate::List<wlr_xdg_toplevel*>, void, Waylib::Server::WXdgShell::create(Waylib::Server::WServer*)::{lambda(wlr_xdg_toplevel*)#1}>::call(Waylib::Server::WXdgShell::create(Waylib::Server::WServer*)::{lambda(wlr_xdg_toplevel*)#1}&, void**)::{lambda()#1}::operator()() const () from /usr/bin/../lib/x86_64-linux-gnu/libwaylibserver.so.0
#44 0x00007f2612f84d5e in void QtPrivate::FunctorCallBase::call_internal<void, QtPrivate::FunctorCall<QtPrivate::IndexesList<0>, QtPrivate::List<wlr_xdg_toplevel*>, void, Waylib::Server::WXdgShell::create(Waylib::Server::WServer*)::{lambda(wlr_xdg_toplevel*)#1}>::call(Waylib::Server::WXdgShell::create(Waylib::Server::WServer*)::{lambda(wlr_xdg_toplevel*)#1}&, void**)::{lambda()#1}>(void**, QtPrivate::FunctorCall<QtPrivate::IndexesList<0>, QtPrivate::List<wlr_xdg_toplevel*>, void, Waylib::Server::WXdgShell::create(Waylib::Server::WServer*)::{lambda(wlr_xdg_toplevel*)#1}>::call(Waylib::Server::WXdgShell::create(Waylib::Server::WServer*)::{lambda(wlr_xdg_toplevel*)#1}&, void**)::{lambda()#1}&&) () from /usr/bin/../lib/x86_64-linux-gnu/libwaylibserver.so.0
#45 0x00007f2612f84c8f in QtPrivate::FunctorCall<QtPrivate::IndexesList<0>, QtPrivate::List<wlr_xdg_toplevel*>, void, Waylib::Server::WXdgShell::create(Waylib::Server::WServer*)::{lambda(wlr_xdg_toplevel*)#1}>::call(Waylib::Server::WXdgShell::create(Waylib::Server::WServer*)::{lambda(wlr_xdg_toplevel*)#1}&, void**) () from /usr/bin/../lib/x86_64-linux-gnu/libwaylibserver.so.0
#46 0x00007f2612f84bb3 in void QtPrivate::FunctorCallable<Waylib::Server::WXdgShell::create(Waylib::Server::WServer*)::{lambda(wlr_xdg_toplevel*)#1}, wlr_xdg_toplevel*>::call<QtPrivate::List<wlr_xdg_toplevel*>, void>(Waylib::Server::WXdgShell::create(Waylib::Server::WServer*)::{lambda(wlr_xdg_toplevel*)#1}&, void*, void**) () from /usr/bin/../lib/x86_64-linux-gnu/libwaylibserver.so.0
#47 0x00007f2612f84a2e in QtPrivate::QCallableObject<Waylib::Server::WXdgShell::create(Waylib::Server::WServer*)::{lambda(wlr_xdg_toplevel*)#1}, QtPrivate::List<wlr_xdg_toplevel*>, void>::impl(int, QtPrivate::QSlotObjectBase*, QObject*, void**, bool*) ()
   from /usr/bin/../lib/x86_64-linux-gnu/libwaylibserver.so.0
#48 0x00007f261254446c in QtPrivate::QSlotObjectBase::call (a=<optimized out>, r=<optimized out>, this=<optimized out>, this=<optimized out>, r=<optimized out>, a=<optimized out>) at ./src/corelib/kernel/qobjectdefs_impl.h:486
#49 doActivate<false> (sender=0x55b30d01b4c0, signal_index=5, argv=0x7ffe10c95200) at ./src/corelib/kernel/qobject.cpp:4120
#50 0x00007f261300a15d in qw_xdg_shell::notify_new_toplevel(wlr_xdg_toplevel*) () from /usr/bin/../lib/x86_64-linux-gnu/libwaylibserver.so.0
#51 0x00007f2613a014bc in qw_signal_connector::callSlot1(wl_listener*, void*) () from /usr/bin/../lib/x86_64-linux-gnu/libtreeland.so.0
#52 0x00007f26104daafc in wl_signal_emit_mutable (signal=<optimized out>, data=0x55b31011d840) at ../src/wayland-server.c:2314
#53 0x00007f260f10501a in ffi_call_unix64 () at ../src/x86/unix64.S:104
#54 0x00007f260f1044be in ffi_call_int (cif=cif@entry=0x7ffe10c954a0, fn=fn@entry=0x7f26129a14a0 <xdg_surface_handle_get_toplevel>, rvalue=<optimized out>, rvalue@entry=0x0, avalue=<optimized out>, closure=closure@entry=0x0) at ../src/x86/ffi64.c:673
#55 0x00007f260f104bad in ffi_call (cif=cif@entry=0x7ffe10c954a0, fn=0x7f26129a14a0 <xdg_surface_handle_get_toplevel>, rvalue=rvalue@entry=0x0, avalue=avalue@entry=0x7ffe10c95570) at ../src/x86/ffi64.c:710
#56 0x00007f26104def46 in wl_closure_invoke (closure=closure@entry=0x55b31016a190, flags=flags@entry=2, target=<optimized out>, target@entry=0x55b31011d7b0, opcode=opcode@entry=1, data=<optimized out>, data@entry=0x55b310141460) at ../src/connection.c:1228
#57 0x00007f26104d9c9a in wl_client_connection_data (fd=<optimized out>, mask=<optimized out>, data=0x55b310141460) at ../src/wayland-server.c:444
#58 0x00007f26104dcc52 in wl_event_loop_dispatch (loop=0x55b30d9bbd60, timeout=<optimized out>) at ../src/event-loop.c:1105
#59 0x00007f2612e92686 in Waylib::Server::WServerPrivate::init()::{lambda()#1}::operator()() const () from /usr/bin/../lib/x86_64-linux-gnu/libwaylibserver.so.0
#60 0x00007f2612e94309 in QtPrivate::FunctorCall<QtPrivate::IndexesList<>, QtPrivate::List<>, void, Waylib::Server::WServerPrivate::init()::{lambda()#1}>::call(Waylib::Server::WServerPrivate::init()::{lambda()#1}&, void**)::{lambda()#1}::operator()() const ()
   from /usr/bin/../lib/x86_64-linux-gnu/libwaylibserver.so.0
#61 0x00007f2612e943ba in void QtPrivate::FunctorCallBase::call_internal<void, QtPrivate::FunctorCall<QtPrivate::IndexesList<>, QtPrivate::List<>, void, Waylib::Server::WServerPrivate::init()::{lambda()#1}>::call(Waylib::Server::WServerPrivate::init()::{lambda()#1}&, void**)::{lambda()#1}>(void**, QtPrivate::FunctorCall<QtPrivate::IndexesList<>, QtPrivate::List<>, void, Waylib::Server::WServerPrivate::init()::{lambda()#1}>::call(Waylib::Server::WServerPrivate::init()::{lambda()#1}&, void**)::{lambda()#1}&&) () from /usr/bin/../lib/x86_64-linux-gnu/libwaylibserver.so.0
#62 0x00007f2612e9433f in QtPrivate::FunctorCall<QtPrivate::IndexesList<>, QtPrivate::List<>, void, Waylib::Server::WServerPrivate::init()::{lambda()#1}>::call(Waylib::Server::WServerPrivate::init()::{lambda()#1}&, void**) () from /usr/bin/../lib/x86_64-linux-gnu/libwaylibserver.so.0
#63 0x00007f2612e942b3 in void QtPrivate::FunctorCallable<Waylib::Server::WServerPrivate::init()::{lambda()#1}>::call<QtPrivate::List<>, void>(Waylib::Server::WServerPrivate::init()::{lambda()#1}&, void*, void**) () from /usr/bin/../lib/x86_64-linux-gnu/libwaylibserver.so.0
#64 0x00007f2612e941cc in QtPrivate::QCallableObject<Waylib::Server::WServerPrivate::init()::{lambda()#1}, QtPrivate::List<>, void>::impl(int, QtPrivate::QSlotObjectBase*, QObject*, void**, bool*) () from /usr/bin/../lib/x86_64-linux-gnu/libwaylibserver.so.0
#65 0x00007f261254446c in QtPrivate::QSlotObjectBase::call (a=<optimized out>, r=<optimized out>, this=<optimized out>, this=<optimized out>, r=<optimized out>, a=<optimized out>) at ./src/corelib/kernel/qobjectdefs_impl.h:486
#66 doActivate<false> (sender=0x55b30d8e6d70, signal_index=3, argv=0x7ffe10c95b30) at ./src/corelib/kernel/qobject.cpp:4120
#67 0x00007f261254ea13 in QSocketNotifier::activated (this=this@entry=0x55b30d8e6d70, _t1=..., _t2=<optimized out>, _t3=...) at ./obj-x86_64-linux-gnu/src/corelib/Core_autogen/include/moc_qsocketnotifier.cpp:195
#68 0x00007f261254eb43 in QSocketNotifier::event (this=0x55b30d8e6d70, e=<optimized out>) at ./src/corelib/kernel/qsocketnotifier.cpp:327
#69 0x00007f26124f7eb8 in QCoreApplication::notifyInternal2 (receiver=0x55b30d8e6d70, event=0x7ffe10c95c40) at ./src/corelib/kernel/qcoreapplication.cpp:1165
#70 0x00007f26126f523f in socketNotifierSourceDispatch (source=0x55b30cd7a3a0) at ./src/corelib/kernel/qeventdispatcher_glib.cpp:77
#71 0x00007f260f99ce0f in g_main_dispatch (context=context@entry=0x55b30cd7a150) at ../../../glib/gmain.c:3344
#72 0x00007f260f99ee97 in g_main_context_dispatch_unlocked (context=0x55b30cd7a150) at ../../../glib/gmain.c:4152
#73 g_main_context_iterate_unlocked (context=context@entry=0x55b30cd7a150, block=block@entry=1, dispatch=dispatch@entry=1, self=<optimized out>) at ../../../glib/gmain.c:4217
#74 0x00007f260f99f4b0 in g_main_context_iteration (context=0x55b30cd7a150, may_block=1) at ../../../glib/gmain.c:4282
#75 0x00007f26126ecd50 in QEventDispatcherGlib::processEvents (this=0x55b30cd2c4c0, flags=...) at ./src/corelib/kernel/qeventdispatcher_glib.cpp:396
#76 0x00007f2612500c2a in QEventLoop::exec (this=0x7ffe10c95f30, flags=...) at ./src/corelib/global/qflags.h:34
#77 0x00007f26124face8 in QCoreApplication::exec () at ./src/corelib/global/qflags.h:74
#78 0x000055b2d9272718 in main ()
#79 0x00007f26117afb8a in __libc_start_call_main (main=main@entry=0x55b2d9272545 <main>, argc=argc@entry=2, argv=argv@entry=0x7ffe10c961b8) at ../sysdeps/nptl/libc_start_call_main.h:58
#80 0x00007f26117afc45 in __libc_start_main_impl (main=0x55b2d9272545 <main>, argc=2, argv=0x7ffe10c961b8, init=<optimized out>, fini=<optimized out>, rtld_fini=<optimized out>, stack_end=0x7ffe10c961a8) at ../csu/libc-start.c:360
#81 0x000055b2d92723c1 in _start ()
pwndbg> 
```

**Comment by wineee** [comment]
57 开窗口渲染崩溃

```cpp
(gdb) bt
#0  0x0000000000000000 in ??? ()
#1  0x00007fced1898d23 in pipe_sampler_view_reference (src=0x0, dst=0x55cfa438c8d0) at ../src/gallium/auxiliary/util/u_inlines.h:217
#2  st_texture_release_all_sampler_views (st=0x55cfa0a89da0, stObj=stObj@entry=0x55cfa46c7880) at ../src/mesa/state_tracker/st_sampler_view.c:275
#3  0x00007fced1899253 in st_texture_release_all_sampler_views (st=<optimized out>, stObj=stObj@entry=0x55cfa46c7880) at ../src/mesa/state_tracker/st_sampler_view.c:258
#4  0x00007fced18551df in delete_textures (ctx=0x55cfa0961940, n=<optimized out>, textures=<optimized out>) at ../src/mesa/state_tracker/st_context.h:442
#5  0x00007fcee2570a16 in ??? () at /usr/bin/../lib/x86_64-linux-gnu/libQt6Gui.so.6
#6  0x00007fcee257465e in ??? () at /usr/bin/../lib/x86_64-linux-gnu/libQt6Gui.so.6
#7  0x00007fcee246539b in QRhi::beginOffscreenFrame(QRhiCommandBuffer**, QFlags<QRhi::BeginFrameFlag>) () at /usr/bin/../lib/x86_64-linux-gnu/libQt6Gui.so.6
#8  0x00007fcee145b538 in QQuickRenderControl::beginFrame (this=<optimized out>) at /usr/include/x86_64-linux-gnu/qt6/QtCore/qflags.h:73
#9  0x00007fcee344ed9e in Waylib::Server::WOutputRenderWindowPrivate::doRender
    (this=0x55cfa0f84030, needsFrameOutput=0x55cfa189a3e0, outputs=..., forceRender=false, doCommit=true)
    at /home/rewine/deepin/treeland/waylib/src/server/qtquick/woutputrenderwindow.cpp:1513
#10 0x00007fcee3450cb7 in Waylib::Server::WOutputRenderWindow::render (this=0x55cfa10bf9c0)
    at /home/rewine/deepin/treeland/waylib/src/server/qtquick/woutputrenderwindow.cpp:1914
#11 0x00007fcee346bc55 in QtPrivate::FunctorCall<QtPrivate::IndexesList<>, QtPrivate::List<>, void, void (Waylib::Server::WOutputRenderWindow::*)()>::call(void (Waylib::Server::WOutputRenderWindow::*)(), Waylib::Server::WOutputRenderWindow*, void**)::{lambda()#1}::operator()() const (__closure=0x7ffe74dabdc0)
    at /usr/include/x86_64-linux-gnu/qt6/QtCore/qobjectdefs_impl.h:152
#12 0x00007fcee346e968 in QtPrivate::FunctorCallBase::call_internal<void, QtPrivate::FunctorCall<QtPrivate::IndexesList<>, QtPrivate::List<>, void, void (Waylib::Server::WOutputRenderWindow::*)()>::call(void (Waylib::Server::WOutputRenderWindow::*)(), Waylib::Server::WOutputRenderWindow*, void**)::{lambda()#1}>(void**, QtPrivate::FunctorCall<QtPrivate::IndexesList<>, QtPrivate::List<>, void, void (Waylib::Server::WOutputRenderWindow::*)()>::call(void (Waylib::Server::WOutputRenderWindow::*)(), Waylib::Server::WOutputRenderWindow*, void**)::{lambda()#1}&&) (args=0x7ffe74dabf08, fn=...) at /usr/include/x86_64-linux-gnu/qt6/QtCore/qobjectdefs_impl.h:65
#13 0x00007fcee346bcb6 in QtPrivate::FunctorCall<QtPrivate::IndexesList<>, QtPrivate::List<>, void, void (Waylib::Server::WOutputRenderWindow::*)()>::call(void (Waylib::Server::WOutputRenderWindow::*)(), Waylib::Server::WOutputRenderWindow*, void**)
    (f=(void (Waylib::Server::WOutputRenderWindow::*)(Waylib::Server::WOutputRenderWindow * const)) 0x7fcee3450c5c <Waylib::Server::WOutputRenderWindow::render()>, o=0x55cfa10bf9c0, arg=0x7ffe74dabf08) at /usr/include/x86_64-linux-gnu/qt6/QtCore/qobjectdefs_impl.h:151
#14 0x00007fcee3468d98 in QtPrivate::FunctionPointer<void (Waylib::Server::WOutputRenderWindow::*)()>::call<QtPrivate::List<>, void>(void (Waylib::Server::WOutputRenderWindow::*)(), Waylib::Server::WOutputRenderWindow*, void**)
    (f=(void (Waylib::Server::WOutputRenderWindow::*)(Waylib::Server::WOutputRenderWindow * const)) 0x7fcee3450c5c <Waylib::Server::WOutputRenderWindow::render()>, o=0x55cfa10bf9c0, arg=0x7ffe74dabf08) at /usr/include/x86_64-linux-gnu/qt6/QtCore/qobjectdefs_impl.h:199
#15 0x00007fcee346583d in QtPrivate::QCallableObject<void (Waylib::Server::WOutputRenderWindow::*)(), QtPrivate::List<>, void>::impl(int, QtPrivate::QSlotObjectBase*, QObject*, void**, bool*) (which=1, this_=0x55cfa18206e0, r=0x55cfa10bf9c0, a=0x7ffe74dabf08, ret=0x0) at /usr/include/x86_64-linux-gnu/qt6/QtCore/qobjectdefs_impl.h:570
#16 0x00007fcee2a8f46c in QtPrivate::QSlotObjectBase::call
    (a=0x7ffe74dabf08, r=0x55cfa10bf9c0, this=0x55cfa18206e0, this=<optimized out>, r=<optimized out>, a=<optimized out>) at ./src/corelib/kernel/qobjectdefs_impl.h:486
#17 doActivate<false> (sender=0x55cfa189a3e0, signal_index=4, argv=0x7ffe74dabf08) at ./src/corelib/kernel/qobject.cpp:4120
#18 0x00007fcee359a437 in qw_output::notify_frame (this=0x55cfa189a3e0)
    at /home/rewine/deepin/treeland/build/waylib/qwlroots/src/qwlroots_autogen/GZRP3O7STM/moc_qwoutput.cpp:254
#19 0x00007fcee400fc5f in qw_signal_connector::callSlot0 (wl_listener=0x55cfa17e99a8) at /home/rewine/deepin/treeland/qwlroots/src/util/qwsignalconnector.h:144
#20 0x00007fcee09e8afc in wl_signal_emit_mutable (signal=signal@entry=0x55cfa1895c48, data=0x55cfa1895ba0) at ../src/wayland-server.c:2314
--Type <RET> for more, q to quit, c to continue without paging--
#21 0x00007fcee2ed8edc in wlr_output_send_frame (output=0x55cfa1895ba0) at ../types/output/output.c:801
#22 0x00007fcee2ebec58 in handle_page_flip (fd=<optimized out>, seq=38871, tv_sec=668, tv_usec=105016, crtc_id=<optimized out>, data=<optimized out>)
    at ../backend/drm/drm.c:2037
#23 0x00007fcee07abc4f in drmHandleEvent () at /usr/bin/../lib/x86_64-linux-gnu/libdrm.so.2
#24 0x00007fcee2ebfa2d in handle_drm_event (fd=<optimized out>, mask=<optimized out>, data=0x55cfa06f9ff0) at ../backend/drm/drm.c:2049
#25 0x00007fcee09eac52 in wl_event_loop_dispatch (loop=0x55cfa0f85000, timeout=<optimized out>) at ../src/event-loop.c:1105
#26 0x00007fcee3409e66 in operator() (__closure=0x55cfa0708a10) at /home/rewine/deepin/treeland/waylib/src/server/kernel/wserver.cpp:108
#27 0x00007fcee340baff in operator() (__closure=0x7ffe74dac7f0) at /usr/include/x86_64-linux-gnu/qt6/QtCore/qobjectdefs_impl.h:141
#28 0x00007fcee340bbb0 in QtPrivate::FunctorCallBase::call_internal<void, QtPrivate::FunctorCall<QtPrivate::IndexesList<>, QtPrivate::List<>, void, Waylib::Server::WServerPrivate::init()::<lambda()> >::call(Waylib::Server::WServerPrivate::init()::<lambda()>&, void**)::<lambda()> >(void **, struct {...} &&) (args=0x7ffe74dac980, fn=...)
    at /usr/include/x86_64-linux-gnu/qt6/QtCore/qobjectdefs_impl.h:65
#29 0x00007fcee340bb35 in QtPrivate::FunctorCall<QtPrivate::IndexesList<>, QtPrivate::List<>, void, Waylib::Server::WServerPrivate::init()::<lambda()> >::call(struct {...} &, void **) (f=..., arg=0x7ffe74dac980) at /usr/include/x86_64-linux-gnu/qt6/QtCore/qobjectdefs_impl.h:140
#30 0x00007fcee340baa9 in QtPrivate::FunctorCallable<Waylib::Server::WServerPrivate::init()::<lambda()> >::call<QtPrivate::List<>, void>(struct {...} &, void *, void **)
    (f=..., arg=0x7ffe74dac980) at /usr/include/x86_64-linux-gnu/qt6/QtCore/qobjectdefs_impl.h:362
#31 0x00007fcee340b9c2 in QtPrivate::QCallableObject<Waylib::Server::WServerPrivate::init()::<lambda()>, QtPrivate::List<>, void>::impl(int, QtPrivate::QSlotObjectBase *, QObject *, void **, bool *) (which=1, this_=0x55cfa0708a00, r=0x55cfa0f84e50, a=0x7ffe74dac980, ret=0x0)
    at /usr/include/x86_64-linux-gnu/qt6/QtCore/qobjectdefs_impl.h:572
#32 0x00007fcee2a8f46c in QtPrivate::QSlotObjectBase::call
    (a=0x7ffe74dac980, r=0x55cfa0f84e50, this=0x55cfa0708a00, this=<optimized out>, r=<optimized out>, a=<optimized out>) at ./src/corelib/kernel/qobjectdefs_impl.h:486
#33 doActivate<false> (sender=0x55cfa0718150, signal_index=3, argv=0x7ffe74dac980) at ./src/corelib/kernel/qobject.cpp:4120
#34 0x00007fcee2a99a13 in QSocketNotifier::activated (this=this@entry=0x55cfa0718150, _t1=..., _t2=<optimized out>, _t3=...)
    at ./obj-x86_64-linux-gnu/src/corelib/Core_autogen/include/moc_qsocketnotifier.cpp:195
#35 0x00007fcee2a99b43 in QSocketNotifier::event (this=0x55cfa0718150, e=<optimized out>) at ./src/corelib/kernel/qsocketnotifier.cpp:327
#36 0x00007fcee2a42eb8 in QCoreApplication::notifyInternal2 (receiver=0x55cfa0718150, event=0x7ffe74daca90) at ./src/corelib/kernel/qcoreapplication.cpp:1165
#37 0x00007fcee2c4023f in socketNotifierSourceDispatch (source=0x55cfa03a0710) at ./src/corelib/kernel/qeventdispatcher_glib.cpp:77
#38 0x00007fcedfef0e0f in ??? () at /lib/x86_64-linux-gnu/libglib-2.0.so.0
#39 0x00007fcedfef2e97 in ??? () at /lib/x86_64-linux-gnu/libglib-2.0.so.0
#40 0x00007fcedfef34b0 in g_main_context_iteration () at /lib/x86_64-linux-gnu/libglib-2.0.so.0
#41 0x00007fcee2c37d50 in QEventDispatcherGlib::processEvents (this=0x55cfa03534c0, flags=...) at ./src/corelib/kernel/qeventdispatcher_glib.cpp:396
#42 0x00007fcee2a4bc2a in QEventLoop::exec (this=0x7ffe74dacd80, flags=...) at ./src/corelib/global/qflags.h:34
#43 0x00007fcee2a45ce8 in QCoreApplication::exec () at ./src/corelib/global/qflags.h:74
#44 0x000055cf73b8f70b in main (argc=2, argv=0x7ffe74dacff8) at /home/rewine/deepin/treeland/src/main.cpp:53

```

**Comment by zzxyb** [comment]
65

解锁unlock崩溃

```c++
[New LWP 1384]
[Thread debugging using libthread_db enabled]
Using host libthread_db library "/lib/x86_64-linux-gnu/libthread_db.so.1".
Core was generated by `/usr/bin/treeland --lockscreen'.
Program terminated with signal SIGSEGV, Segmentation fault.
#0  wl_resource_get_client (resource=0xffffffffffffffe0) at ../src/wayland-server.c:824

warning: 824    ../src/wayland-server.c: 没有那个文件或目录
[Current thread is 1 (Thread 0x7fb7513b0ec0 (LWP 1344))]
(gdb) bt
#0  wl_resource_get_client (resource=0xffffffffffffffe0) at ../src/wayland-server.c:824
#1  0x00007fb75865e5a9 in ??? () at /usr/bin/../lib/x86_64-linux-gnu/libwlroots-0.19.so
#2  0x00007fb7560a5afc in wl_signal_emit_mutable (signal=<optimized out>, data=0x7ffededcae80) at ../src/wayland-server.c:2314
#3  0x00007fb758634910 in wlr_seat_keyboard_enter () at /usr/bin/../lib/x86_64-linux-gnu/libwlroots-0.19.so
#4  0x00007fb758b534ca in qw_seat::keyboard_enter<qw_surface&, decltype(nullptr), int, wlr_keyboard_modifiers const*&>(qw_surface&, decltype(nullptr)&&, int&&, wlr_keyboard_modifiers const*&) const (this=0x559ad0c693b0) at /home/deepin/Documents/Code/Github/treeland/qwlroots/src/types/qwseat.h:48
#5  0x00007fb758b51980 in Waylib::Server::WSeatPrivate::doSetKeyboardFocus (this=0x559ad0141330, surface=0x559ad2ab6070) at /home/deepin/Documents/Code/Github/treeland/waylib/src/server/kernel/wseat.cpp:223
#6  0x00007fb758b4a774 in Waylib::Server::WSeat::setKeyboardFocusSurface (this=0x559ad01412d0, surface=0x559ad25d4620) at /home/deepin/Documents/Code/Github/treeland/waylib/src/server/kernel/wseat.cpp:1058
#7  0x00007fb759885518 in operator() (__closure=0x559ad01716e0) at /home/deepin/Documents/Code/Github/treeland/src/seat/helper.cpp:215
#8  0x00007fb75989bdeb in operator() (__closure=0x7ffededcb060) at /usr/include/x86_64-linux-gnu/qt6/QtCore/qobjectdefs_impl.h:141
#9  0x00007fb75989c938 in QtPrivate::FunctorCallBase::call_internal<void, QtPrivate::FunctorCall<QtPrivate::IndexesList<>, QtPrivate::List<>, void, Helper::Helper(QObject*)::<lambda()> >::call(Helper::Helper(QObject*)::<lambda()>&, void**)::<lambda()> >(void **, struct {...} &&) (args=0x7ffededcb188, fn=...)
    at /usr/include/x86_64-linux-gnu/qt6/QtCore/qobjectdefs_impl.h:65
#10 0x00007fb75989be21 in QtPrivate::FunctorCall<QtPrivate::IndexesList<>, QtPrivate::List<>, void, Helper::Helper(QObject*)::<lambda()> >::call(struct {...} &, void **) (f=..., arg=0x7ffededcb188) at /usr/include/x86_64-linux-gnu/qt6/QtCore/qobjectdefs_impl.h:140
#11 0x00007fb75989b10f in QtPrivate::FunctorCallable<Helper::Helper(QObject*)::<lambda()> >::call<QtPrivate::List<>, void>(struct {...} &, void *, void **) (f=..., arg=0x7ffededcb188) at /usr/include/x86_64-linux-gnu/qt6/QtCore/qobjectdefs_impl.h:362
#12 0x00007fb7598999be in QtPrivate::QCallableObject<Helper::Helper(QObject*)::<lambda()>, QtPrivate::List<>, void>::impl(int, QtPrivate::QSlotObjectBase *, QObject *, void **, bool *) (which=1, this_=0x559ad01716d0, r=0x559ad0c00040, a=0x7ffededcb188, ret=0x0)
    at /usr/include/x86_64-linux-gnu/qt6/QtCore/qobjectdefs_impl.h:572
#13 0x00007fb7581e146c in QtPrivate::QSlotObjectBase::call (a=0x7ffededcb188, r=0x559ad0c00040, this=0x559ad01716d0, this=<optimized out>, r=<optimized out>, a=<optimized out>) at ./src/corelib/kernel/qobjectdefs_impl.h:486
#14 doActivate<false> (sender=0x559ad00bb080, signal_index=33, argv=0x7ffededcb188) at ./src/corelib/kernel/qobject.cpp:4120
#15 0x00007fb7581e146c in QtPrivate::QSlotObjectBase::call (a=0x7ffededcb2d0, r=0x559ad00bb080, this=0x559ad017f060, this=<optimized out>, r=<optimized out>, a=<optimized out>) at ./src/corelib/kernel/qobjectdefs_impl.h:486
#16 doActivate<false> (sender=0x559ad00bb080, signal_index=19, argv=0x7ffededcb2d0) at ./src/corelib/kernel/qobject.cpp:4120
#17 0x00007fb757a76ed6 in QWindow::focusObjectChanged(QObject*) () at /usr/bin/../lib/x86_64-linux-gnu/libQt6Gui.so.6
#18 0x00007fb756c62a6d in QQuickDeliveryAgentPrivate::setFocusInScope (this=<optimized out>, scope=<optimized out>, item=<optimized out>, reason=Qt::NoFocusReason, options=...) at ./src/quick/util/qquickdeliveryagent.cpp:512
#19 0x00007fb756adeebc in QQuickItem::setFocus (this=0x559ad1d1dc20, focus=<optimized out>, reason=Qt::NoFocusReason) at /usr/include/x86_64-linux-gnu/qt6/QtCore/qflags.h:73
#20 0x00007fb756ad677b in QQuickItem::forceActiveFocus (this=0x559ad1d1dc20, reason=Qt::NoFocusReason) at ./src/quick/items/qquickitem.cpp:4974
#21 0x00007fb7598ea6df in SurfaceWrapper::setFocus (this=0x559ad2044e40, focus=true, reason=Qt::NoFocusReason) at /home/deepin/Documents/Code/Github/treeland/src/surface/surfacewrapper.cpp:489
#22 0x00007fb75989322b in operator() (__closure=0x559ad3705120) at /home/deepin/Documents/Code/Github/treeland/src/seat/helper.cpp:2290
#23 0x00007fb75989c8bf in operator() (__closure=0x7ffededcb680) at /usr/include/x86_64-linux-gnu/qt6/QtCore/qobjectdefs_impl.h:141
#24 0x00007fb75989cec0 in QtPrivate::FunctorCallBase::call_internal<void, QtPrivate::FunctorCall<QtPrivate::IndexesList<>, QtPrivate::List<>, void, Helper::setLockScreenImpl(ILockScreen*)::<lambda()> >::call(Helper::setLockScreenImpl(ILockScreen*)::<lambda()>&, void**)::<lambda()> >(void **, struct {...} &&)
    (args=0x7ffededcb7a8, fn=...) at /usr/include/x86_64-linux-gnu/qt6/QtCore/qobjectdefs_impl.h:65
#25 0x00007fb75989c8f5 in QtPrivate::FunctorCall<QtPrivate::IndexesList<>, QtPrivate::List<>, void, Helper::setLockScreenImpl(ILockScreen*)::<lambda()> >::call(struct {...} &, void **) (f=..., arg=0x7ffededcb7a8) at /usr/include/x86_64-linux-gnu/qt6/QtCore/qobjectdefs_impl.h:140
#26 0x00007fb75989bd4d in QtPrivate::FunctorCallable<Helper::setLockScreenImpl(ILockScreen*)::<lambda()> >::call<QtPrivate::List<>, void>(struct {...} &, void *, void **) (f=..., arg=0x7ffededcb7a8) at /usr/include/x86_64-linux-gnu/qt6/QtCore/qobjectdefs_impl.h:362
#27 0x00007fb75989b07e in QtPrivate::QCallableObject<Helper::setLockScreenImpl(ILockScreen*)::<lambda()>, QtPrivate::List<>, void>::impl(int, QtPrivate::QSlotObjectBase *, QObject *, void **, bool *) (which=1, this_=0x559ad3705110, r=0x559ad0c00040, a=0x7ffededcb7a8, ret=0x0)
    at /usr/include/x86_64-linux-gnu/qt6/QtCore/qobjectdefs_impl.h:572
#28 0x00007fb7581e146c in QtPrivate::QSlotObjectBase::call (a=0x7ffededcb7a8, r=0x559ad0c00040, this=0x559ad3705110, this=<optimized out>, r=<optimized out>, a=<optimized out>) at ./src/corelib/kernel/qobjectdefs_impl.h:486
#29 doActivate<false> (sender=0x559ad141f150, signal_index=35, argv=0x7ffededcb7a8) at ./src/corelib/kernel/qobject.cpp:4120
#30 0x00007fb75972c893 in LockScreen::unlock (this=0x559ad141f150) at /home/deepin/Documents/Code/Github/treeland/cmake_build/src/libtreeland_autogen/TAC5DWH4SE/moc_lockscreen.cpp:215
#31 0x00007fb75983b897 in QtPrivate::FunctorCall<QtPrivate::IndexesList<>, QtPrivate::List<>, void, void (LockScreen::*)()>::call(void (LockScreen::*)(), LockScreen*, void**)::{lambda()#1}::operator()() const (__closure=0x7ffededcb880) at /usr/include/x86_64-linux-gnu/qt6/QtCore/qobjectdefs_impl.h:152
#32 0x00007fb75983bdc8 in QtPrivate::FunctorCallBase::call_internal<void, QtPrivate::FunctorCall<QtPrivate::IndexesList<>, QtPrivate::List<>, void, void (LockScreen::*)()>::call(void (LockScreen::*)(), LockScreen*, void**)::{lambda()#1}>(void**, QtPrivate::FunctorCall<QtPrivate::IndexesList<>, QtPrivate::List<>, void, void (LockScreen::*)()>::call(void (LockScreen::*)(), LockScreen*, void**)::{lambda()#1}&&) (args=0x7ffededcba30, fn=...) at /usr/include/x86_64-linux-gnu/qt6/QtCore/qobjectdefs_impl.h:65
#33 0x00007fb75983b8f8 in QtPrivate::FunctorCall<QtPrivate::IndexesList<>, QtPrivate::List<>, void, void (LockScreen::*)()>::call(void (LockScreen::*)(), LockScreen*, void**) (f=(void (LockScreen::*)(class LockScreen * const)) 0x7fb75972c86a <LockScreen::unlock()>, o=0x559ad141f150, arg=0x7ffededcba30)
    at /usr/include/x86_64-linux-gnu/qt6/QtCore/qobjectdefs_impl.h:151
#34 0x00007fb75983b1ba in QtPrivate::FunctionPointer<void (LockScreen::*)()>::call<QtPrivate::List<>, void>(void (LockScreen::*)(), LockScreen*, void**) (f=(void (LockScreen::*)(class LockScreen * const)) 0x7fb75972c86a <LockScreen::unlock()>, o=0x559ad141f150, arg=0x7ffededcba30)
    at /usr/include/x86_64-linux-gnu/qt6/QtCore/qobjectdefs_impl.h:199
#35 0x00007fb75983a0b9 in QtPrivate::QCallableObject<void (LockScreen::*)(), QtPrivate::List<>, void>::impl(int, QtPrivate::QSlotObjectBase*, QObject*, void**, bool*) (which=1, this_=0x559ad1f8e8a0, r=0x559ad141f150, a=0x7ffededcba30, ret=0x0) at /usr/include/x86_64-linux-gnu/qt6/QtCore/qobjectdefs_impl.h:570
#36 0x00007fb7581e146c in QtPrivate::QSlotObjectBase::call (a=0x7ffededcba30, r=0x559ad141f150, this=0x559ad1f8e8a0, this=<optimized out>, r=<optimized out>, a=<optimized out>) at ./src/corelib/kernel/qobjectdefs_impl.h:486
#37 doActivate<false> (sender=0x559ad15a6840, signal_index=3, argv=0x7ffededcba30) at ./src/corelib/kernel/qobject.cpp:4120
#38 0x00007fb7581ebe3e in QTimer::timeout (this=<optimized out>, _t1=...) at ./obj-x86_64-linux-gnu/src/corelib/Core_autogen/include/moc_qtimer.cpp:224
#39 0x00007fb7581d78c6 in QObject::event (this=0x559ad15a6840, e=0x7ffededcbb90) at ./src/corelib/kernel/qobject.cpp:1393
#40 0x00007fb758194eb8 in QCoreApplication::notifyInternal2 (receiver=0x559ad15a6840, event=0x7ffededcbb90) at ./src/corelib/kernel/qcoreapplication.cpp:1165
#41 0x00007fb7582cfdab in QTimerInfoList::activateTimers (this=0x559ad009eeb0) at ./src/corelib/kernel/qtimerinfo_unix.cpp:426
#42 0x00007fb75838c3d4 in timerSourceDispatch (source=<optimized out>) at ./src/corelib/kernel/qeventdispatcher_glib.cpp:152
#43 idleTimerSourceDispatch (source=<optimized out>) at ./src/corelib/kernel/qeventdispatcher_glib.cpp:199
#44 0x00007fb755524e0f in ??? () at /lib/x86_64-linux-gnu/libglib-2.0.so.0
#45 0x00007fb755526e97 in ??? () at /lib/x86_64-linux-gnu/libglib-2.0.so.0
#46 0x00007fb7555274b0 in g_main_context_iteration () at /lib/x86_64-linux-gnu/libglib-2.0.so.0
#47 0x00007fb758389d50 in QEventDispatcherGlib::processEvents (this=0x559ad00504c0, flags=...) at ./src/corelib/kernel/qeventdispatcher_glib.cpp:396
#48 0x00007fb75819dc2a in QEventLoop::exec (this=0x7ffededcbeb0, flags=...) at ./src/corelib/global/qflags.h:34
#49 0x00007fb758197ce8 in QCoreApplication::exec () at ./src/corelib/global/qflags.h:74
#50 0x0000559a90fa170b in main (argc=2, argv=0x7ffededcc128) at /home/deepin/Documents/Code/Github/treeland/src/main.cpp:53
(gdb) 

```

**Comment by wineee** [comment]
什么也没有动
```cpp
#0  wl_list_remove (elm=0x5609a83d2460) at ../src/wayland-util.c:57
#1  0x00007f638f0f0407 in output_handle_resource_destroy (resource=0x5609a83d2440) at /home/rewine/treeland/waylib/src/server/protocols/wxdgoutput.cpp:71
#2  0x00007f638c4ac1d7 in remove_and_destroy_resource (element=0x5609a83d2440, data=<optimized out>, flags=0) at ../src/wayland-server.c:757
#3  0x00007f638c4b2c05 in for_each_helper (entries=entries@entry=0x5609a72dee80, func=func@entry=0x7f638c4ac130 <remove_and_destroy_resource>, data=data@entry=0x0)
    at ../src/wayland-util.c:432
#4  0x00007f638c4b31c6 in wl_map_for_each (map=0x5609a72dee80, func=0x7f638c4ac130 <remove_and_destroy_resource>, data=0x0) at ../src/wayland-util.c:446
#5  0x00007f638c4ac9b5 in wl_client_destroy (client=0x5609a72dee50) at ../src/wayland-server.c:961
#6  0x00007f638c4acb0d in destroy_client_with_error (reason=<optimized out>, client=<optimized out>) at ../src/wayland-server.c:331
#7  wl_client_connection_data (fd=<optimized out>, mask=<optimized out>, data=0x5609a72dee50) at ../src/wayland-server.c:460
#8  0x00007f638c4afc82 in wl_event_loop_dispatch (loop=0x5609a5bf8e50, timeout=<optimized out>) at ../src/event-loop.c:1105
#9  0x00007f638efc3495 in operator() (__closure=0x5609a594a0f0) at /home/rewine/treeland/waylib/src/server/kernel/wserver.cpp:115
#10 0x00007f638efc534f in operator() (__closure=0x7ffcbf1e4730) at /usr/include/x86_64-linux-gnu/qt6/QtCore/qobjectdefs_impl.h:141
#11 0x00007f638efc5454 in QtPrivate::FunctorCallBase::call_internal<void, QtPrivate::FunctorCall<QtPrivate::IndexesList<>, QtPrivate::List<>, void, Waylib::Server::WServerPrivate::init()::<lambda()> >::call(Waylib::Server::WServerPrivate::init()::<lambda()>&, void**)::<lambda()> >(void **, struct {...} &&) (args=0x7ffcbf1e48c0, fn=...)
    at /usr/include/x86_64-linux-gnu/qt6/QtCore/qobjectdefs_impl.h:65
#12 0x00007f638efc5385 in QtPrivate::FunctorCall<QtPrivate::IndexesList<>, QtPrivate::List<>, void, Waylib::Server::WServerPrivate::init()::<lambda()> >::call(struct {...} &, void **) (f=..., arg=0x7ffcbf1e48c0) at /usr/include/x86_64-linux-gnu/qt6/QtCore/qobjectdefs_impl.h:140
#13 0x00007f638efc52c1 in QtPrivate::FunctorCallable<Waylib::Server::WServerPrivate::init()::<lambda()> >::call<QtPrivate::List<>, void>(struct {...} &, void *, void **)
    (f=..., arg=0x7ffcbf1e48c0) at /usr/include/x86_64-linux-gnu/qt6/QtCore/qobjectdefs_impl.h:362
#14 0x00007f638efc5120 in QtPrivate::QCallableObject<Waylib::Server::WServerPrivate::init()::<lambda()>, QtPrivate::List<>, void>::impl(int, QtPrivate::QSlotObjectBase *, QObject *, void **, bool *) (which=1, this_=0x5609a594a0e0, r=0x5609a5bf8d30, a=0x7ffcbf1e48c0, ret=0x0)
    at /usr/include/x86_64-linux-gnu/qt6/QtCore/qobjectdefs_impl.h:572
#15 0x00007f638e63646c in ??? () at /usr/bin/../lib/x86_64-linux-gnu/libQt6Core.so.6
#16 0x00007f638e640a13 in QSocketNotifier::activated(QSocketDescriptor, QSocketNotifier::Type, QSocketNotifier::QPrivateSignal) ()
    at /usr/bin/../lib/x86_64-linux-gnu/libQt6Core.so.6
#17 0x00007f638e640b43 in QSocketNotifier::event(QEvent*) () at /usr/bin/../lib/x86_64-linux-gnu/libQt6Core.so.6
#18 0x00007f638e5e9eb8 in QCoreApplication::notifyInternal2(QObject*, QEvent*) () at /usr/bin/../lib/x86_64-linux-gnu/libQt6Core.so.6
#19 0x00007f638e7e723f in ??? () at /usr/bin/../lib/x86_64-linux-gnu/libQt6Core.so.6
#20 0x00007f638b9b4879 in ??? () at /lib/x86_64-linux-gnu/libglib-2.0.so.0
#21 0x00007f638b9b6977 in ??? () at /lib/x86_64-linux-gnu/libglib-2.0.so.0
#22 0x00007f638b9b6f80 in g_main_context_iteration () at /lib/x86_64-linux-gnu/libglib-2.0.so.0
#23 0x00007f638e7ded50 in QEventDispatcherGlib::processEvents(QFlags<QEventLoop::ProcessEventsFlag>) () at /usr/bin/../lib/x86_64-linux-gnu/libQt6Core.so.6
#24 0x00007f638e5f2c2a in QEventLoop::exec(QFlags<QEventLoop::ProcessEventsFlag>) () at /usr/bin/../lib/x86_64-linux-gnu/libQt6Core.so.6
#25 0x00007f638e5ecce8 in QCoreApplication::exec() () at /usr/bin/../lib/x86_64-linux-gnu/libQt6Core.so.6
#26 0x0000560991a3365c in main (argc=2, argv=0x7ffcbf1e4f38) at /home/rewine/treeland/src/main.cpp:52

```

**Comment by wineee** [comment]
大部分已经修复
